[2023-11-27T01:24:16.879188+00:00] logger.INFO: Page link ["https://www.kreuzwort-raetsel.net/frage/a-im-internationalen-alphabet/"] []
[2023-11-27T01:24:17.196003+00:00] logger.INFO: Page link ["https://www.kreuzwort-raetsel.net/frage/a-meta/"] []
[2023-11-27T01:24:17.401103+00:00] logger.INFO: Page link ["https://www.kreuzwort-raetsel.net/frage/a-propos/"] []
[2023-11-27T01:24:17.600926+00:00] logger.INFO: Page link ["https://www.kreuzwort-raetsel.net/frage/a-propos/"] []
[2023-11-27T01:24:17.776559+00:00] logger.INFO: Page link ["https://www.kreuzwort-raetsel.net/frage/a-part-sprechen-theater/"] []
[2023-11-27T01:24:17.976492+00:00] logger.INFO: Page link ["https://www.kreuzwort-raetsel.net/frage/aa/"] []
[2023-11-27T01:24:18.170712+00:00] logger.INFO: Page link ["https://www.kreuzwort-raetsel.net/frage/aach/"] []
[2023-11-27T01:24:18.389156+00:00] logger.INFO: Page link ["https://www.kreuzwort-raetsel.net/frage/aachener-auszeichnung-fuer-verdienste-um-europa/"] []
[2023-11-27T01:24:18.568651+00:00] logger.INFO: Page link ["https://www.kreuzwort-raetsel.net/frage/aachener-backspezialitaet/"] []
[2023-11-27T01:24:18.761570+00:00] logger.INFO: Page link ["https://www.kreuzwort-raetsel.net/frage/aachener-backwerk/"] []
[2023-11-27T01:24:18.960631+00:00] logger.INFO: Page link ["https://www.kreuzwort-raetsel.net/frage/aachener-baumeister-des-barocks-jakob-1735-1812/"] []
[2023-11-27T01:24:19.162508+00:00] logger.INFO: Page link ["https://www.kreuzwort-raetsel.net/frage/aachener-bauwerk/"] []
[2023-11-27T01:24:19.466390+00:00] logger.INFO: Page link ["https://www.kreuzwort-raetsel.net/frage/aachener-bauwerk/"] []
[2023-11-27T01:24:19.741572+00:00] logger.INFO: Page link ["https://www.kreuzwort-raetsel.net/frage/aachener-bauwerk/"] []
[2023-11-27T01:24:19.967780+00:00] logger.INFO: Page link ["https://www.kreuzwort-raetsel.net/frage/aachener-bauwerk/"] []
[2023-11-27T01:24:20.178138+00:00] logger.INFO: Page link ["https://www.kreuzwort-raetsel.net/frage/aachener-europapreis/"] []
[2023-11-27T01:24:20.375434+00:00] logger.INFO: Page link ["https://www.kreuzwort-raetsel.net/frage/aachener-europapreis-preis/"] []
[2023-11-27T01:24:20.607165+00:00] logger.INFO: Page link ["https://www.kreuzwort-raetsel.net/frage/aachener-fussballstadion/"] []
[2023-11-27T01:24:20.843499+00:00] logger.INFO: Page link ["https://www.kreuzwort-raetsel.net/frage/aachener-gebaeck/"] []
[2023-11-27T01:24:21.043925+00:00] logger.INFO: Page link ["https://www.kreuzwort-raetsel.net/frage/aachener-gebaeck/"] []
[2023-11-27T01:24:21.238188+00:00] logger.INFO: Page link ["https://www.kreuzwort-raetsel.net/frage/aachener-gebaeck-mehrzahl/"] []
[2023-11-27T01:24:21.435393+00:00] logger.INFO: Page link ["https://www.kreuzwort-raetsel.net/frage/aachener-gebaeckspezialitaet/"] []
[2023-11-27T01:24:21.613061+00:00] logger.INFO: Page link ["https://www.kreuzwort-raetsel.net/frage/aachener-gebaeckspezialitaeten/"] []
[2023-11-27T01:24:21.830008+00:00] logger.INFO: Page link ["https://www.kreuzwort-raetsel.net/frage/aachener-gruss/"] []
[2023-11-27T01:24:22.051076+00:00] logger.INFO: Page link ["https://www.kreuzwort-raetsel.net/frage/aachener-lebkuchen/"] []
[2023-11-27T01:24:22.245826+00:00] logger.INFO: Page link ["https://www.kreuzwort-raetsel.net/frage/aachener-lebkuchenspezialitaet/"] []
[2023-11-27T01:24:22.464515+00:00] logger.INFO: Page link ["https://www.kreuzwort-raetsel.net/frage/aachener-osterbrot/"] []
[2023-11-27T01:24:22.676965+00:00] logger.INFO: Page link ["https://www.kreuzwort-raetsel.net/frage/aachener-pfefferkuchen/"] []
[2023-11-27T01:24:22.887056+00:00] logger.INFO: Page link ["https://www.kreuzwort-raetsel.net/frage/aachener-reitsportturnier-kurz/"] []
[2023-11-27T01:24:23.103770+00:00] logger.INFO: Page link ["https://www.kreuzwort-raetsel.net/frage/aachener-reitsportturnier-kurzwort/"] []
[2023-11-27T01:24:23.418922+00:00] logger.INFO: Page link ["https://www.kreuzwort-raetsel.net/frage/aachener-reitturnier/"] []
[2023-11-27T01:24:23.627758+00:00] logger.INFO: Page link ["https://www.kreuzwort-raetsel.net/frage/aachener-reitturnier-abkuerzung/"] []
[2023-11-27T01:24:23.808798+00:00] logger.INFO: Page link ["https://www.kreuzwort-raetsel.net/frage/aachener-sehenswuerdigkeit/"] []
[2023-11-27T01:24:24.032741+00:00] logger.INFO: Page link ["https://www.kreuzwort-raetsel.net/frage/aachener-sehenswuerdigkeit/"] []
[2023-11-27T01:24:24.303999+00:00] logger.INFO: Page link ["https://www.kreuzwort-raetsel.net/frage/aachener-sehenswuerdigkeit/"] []
[2023-11-27T01:24:24.542869+00:00] logger.INFO: Page link ["https://www.kreuzwort-raetsel.net/frage/aachener-sehenswuerdigkeit/"] []
[2023-11-27T01:24:24.835959+00:00] logger.INFO: Page link ["https://www.kreuzwort-raetsel.net/frage/aachener-sehenswuerdigkeit/"] []
[2023-11-27T01:24:25.112804+00:00] logger.INFO: Page link ["https://www.kreuzwort-raetsel.net/frage/aachener-spezialitaet/"] []
[2023-11-27T01:24:25.414577+00:00] logger.INFO: Page link ["https://www.kreuzwort-raetsel.net/frage/aachener-spezialitaet/"] []
[2023-11-27T01:24:25.619624+00:00] logger.INFO: Page link ["https://www.kreuzwort-raetsel.net/frage/aachener-spezialitaet/"] []
[2023-11-27T01:24:25.816996+00:00] logger.INFO: Page link ["https://www.kreuzwort-raetsel.net/frage/aachener-spezialitaeten/"] []
[2023-11-27T01:24:26.008974+00:00] logger.INFO: Page link ["https://www.kreuzwort-raetsel.net/frage/aachener-sportstaette/"] []
[2023-11-27T01:24:26.221495+00:00] logger.INFO: Page link ["https://www.kreuzwort-raetsel.net/frage/aachener-stadion/"] []
[2023-11-27T01:24:26.413556+00:00] logger.INFO: Page link ["https://www.kreuzwort-raetsel.net/frage/aachener-stadtmauer/"] []
[2023-11-27T01:24:26.607872+00:00] logger.INFO: Page link ["https://www.kreuzwort-raetsel.net/frage/aachener-universitaet-abkuerzung/"] []
[2023-11-27T01:24:26.821679+00:00] logger.INFO: Page link ["https://www.kreuzwort-raetsel.net/frage/aachener-wahrzeichen/"] []
[2023-11-27T01:24:26.996206+00:00] logger.INFO: Page link ["https://www.kreuzwort-raetsel.net/frage/aachener-wappentier/"] []
[2023-11-27T01:24:27.177394+00:00] logger.INFO: Page link ["https://www.kreuzwort-raetsel.net/frage/aachens-grosse-saunalandschaft/"] []
[2023-11-27T01:24:27.387911+00:00] logger.INFO: Page link ["https://www.kreuzwort-raetsel.net/frage/aal/"] []
[2023-11-27T01:24:27.563604+00:00] logger.INFO: Page link ["https://www.kreuzwort-raetsel.net/frage/aal-englisch/"] []
[2023-11-27T01:24:27.762621+00:00] logger.INFO: Page link ["https://www.kreuzwort-raetsel.net/frage/aal-des-mittelmeeres/"] []
[2023-11-27T01:24:27.961185+00:00] logger.INFO: Page link ["https://www.kreuzwort-raetsel.net/frage/aal-vor-dem-laichen/"] []
[2023-11-27T01:24:28.165000+00:00] logger.INFO: Page link ["https://www.kreuzwort-raetsel.net/frage/aalaehnliche-fische/"] []
[2023-11-27T01:24:28.342487+00:00] logger.INFO: Page link ["https://www.kreuzwort-raetsel.net/frage/aalaehnlicher-blindfisch/"] []
[2023-11-27T01:24:28.543933+00:00] logger.INFO: Page link ["https://www.kreuzwort-raetsel.net/frage/aalaehnlicher-fisch/"] []
[2023-11-27T01:24:28.902133+00:00] logger.INFO: Page link ["https://www.kreuzwort-raetsel.net/frage/aalaehnlicher-fisch/"] []
[2023-11-27T01:24:29.220815+00:00] logger.INFO: Page link ["https://www.kreuzwort-raetsel.net/frage/aalaehnlicher-fisch/"] []
[2023-11-27T01:24:29.560231+00:00] logger.INFO: Page link ["https://www.kreuzwort-raetsel.net/frage/aalaehnlicher-fisch/"] []
[2023-11-27T01:24:29.849513+00:00] logger.INFO: Page link ["https://www.kreuzwort-raetsel.net/frage/aalaehnlicher-fisch/"] []
[2023-11-27T01:24:30.142787+00:00] logger.INFO: Page link ["https://www.kreuzwort-raetsel.net/frage/aalaehnlicher-fisch/"] []
[2023-11-27T01:24:30.458193+00:00] logger.INFO: Page link ["https://www.kreuzwort-raetsel.net/frage/aalaehnlicher-fisch/"] []
[2023-11-27T01:24:30.757747+00:00] logger.INFO: Page link ["https://www.kreuzwort-raetsel.net/frage/aalaehnlicher-fisch/"] []
[2023-11-27T01:24:30.985649+00:00] logger.INFO: Page link ["https://www.kreuzwort-raetsel.net/frage/aalaehnlicher-fisch-mit-saugmaul/"] []
[2023-11-27T01:24:31.174256+00:00] logger.INFO: Page link ["https://www.kreuzwort-raetsel.net/frage/aalaehnlicher-raubfisch/"] []
[2023-11-27T01:24:31.375493+00:00] logger.INFO: Page link ["https://www.kreuzwort-raetsel.net/frage/aalaehnlicher-raubfisch-warmer-meere/"] []
[2023-11-27T01:24:31.557060+00:00] logger.INFO: Page link ["https://www.kreuzwort-raetsel.net/frage/aalaehnliches-meerestier/"] []
[2023-11-27T01:24:31.881533+00:00] logger.INFO: Page link ["https://www.kreuzwort-raetsel.net/frage/aalaehnliches-meerestier/"] []
[2023-11-27T01:24:32.069058+00:00] logger.INFO: Page link ["https://www.kreuzwort-raetsel.net/frage/aalart/"] []
[2023-11-27T01:24:32.331808+00:00] logger.INFO: Page link ["https://www.kreuzwort-raetsel.net/frage/aalartiger-fisch/"] []
[2023-11-27T01:24:33.465765+00:00] logger.INFO: Page link ["https://www.kreuzwort-raetsel.net/frage/aalartiger-fisch/"] []
[2023-11-27T01:24:34.090998+00:00] logger.INFO: Page link ["https://www.kreuzwort-raetsel.net/frage/aalartiger-fisch/"] []
[2023-11-27T01:24:34.970621+00:00] logger.INFO: Page link ["https://www.kreuzwort-raetsel.net/frage/aalartiger-fisch/"] []
[2023-11-27T01:24:36.499083+00:00] logger.INFO: Page link ["https://www.kreuzwort-raetsel.net/frage/aalartiger-fisch/"] []
[2023-11-27T01:24:37.649869+00:00] logger.INFO: Page link ["https://www.kreuzwort-raetsel.net/frage/aalartiger-fisch/"] []
[2023-11-27T01:24:38.253851+00:00] logger.INFO: Page link ["https://www.kreuzwort-raetsel.net/frage/aalartiger-fisch/"] []
[2023-11-27T01:24:39.341051+00:00] logger.INFO: Page link ["https://www.kreuzwort-raetsel.net/frage/aalartiger-fisch/"] []
[2023-11-27T01:24:40.442635+00:00] logger.INFO: Page link ["https://www.kreuzwort-raetsel.net/frage/aalartiger-fisch/"] []
[2023-11-27T01:24:41.510931+00:00] logger.INFO: Page link ["https://www.kreuzwort-raetsel.net/frage/aalartiger-fisch/"] []
[2023-11-27T01:24:42.375396+00:00] logger.INFO: Page link ["https://www.kreuzwort-raetsel.net/frage/aalartiger-fisch/"] []
[2023-11-27T01:24:43.071863+00:00] logger.INFO: Page link ["https://www.kreuzwort-raetsel.net/frage/aalartiger-fisch/"] []
[2023-11-27T01:24:43.996466+00:00] logger.INFO: Page link ["https://www.kreuzwort-raetsel.net/frage/aalartiger-fisch/"] []
[2023-11-27T01:24:44.796218+00:00] logger.INFO: Page link ["https://www.kreuzwort-raetsel.net/frage/aalartiger-fisch/"] []
[2023-11-27T01:24:45.464363+00:00] logger.INFO: Page link ["https://www.kreuzwort-raetsel.net/frage/aalartiger-fisch/"] []
[2023-11-27T01:24:46.319551+00:00] logger.INFO: Page link ["https://www.kreuzwort-raetsel.net/frage/aalartiger-fisch/"] []
[2023-11-27T01:24:47.374025+00:00] logger.INFO: Page link ["https://www.kreuzwort-raetsel.net/frage/aalartiger-fisch/"] []
[2023-11-27T01:24:48.597425+00:00] logger.INFO: Page link ["https://www.kreuzwort-raetsel.net/frage/aalartiger-fisch/"] []
[2023-11-27T01:24:49.780033+00:00] logger.INFO: Page link ["https://www.kreuzwort-raetsel.net/frage/aalartiger-fisch/"] []
[2023-11-27T01:24:50.545854+00:00] logger.INFO: Page link ["https://www.kreuzwort-raetsel.net/frage/aalartiger-fisch/"] []
[2023-11-27T01:24:51.596801+00:00] logger.INFO: Page link ["https://www.kreuzwort-raetsel.net/frage/aalartiger-fisch/"] []
[2023-11-27T01:24:53.446014+00:00] logger.INFO: Page link ["https://www.kreuzwort-raetsel.net/frage/aalartiger-fisch/"] []
[2023-11-27T01:24:53.952787+00:00] logger.INFO: Page link ["https://www.kreuzwort-raetsel.net/frage/aalartiger-fisch/"] []
[2023-11-27T01:24:54.447923+00:00] logger.INFO: Page link ["https://www.kreuzwort-raetsel.net/frage/aalartiger-fisch/"] []
[2023-11-27T01:24:55.102985+00:00] logger.INFO: Page link ["https://www.kreuzwort-raetsel.net/frage/aalartiger-fisch/"] []
[2023-11-27T01:24:56.353785+00:00] logger.INFO: Page link ["https://www.kreuzwort-raetsel.net/frage/aalartiger-fisch/"] []
[2023-11-27T01:24:57.111311+00:00] logger.INFO: Page link ["https://www.kreuzwort-raetsel.net/frage/aalartiger-fisch/"] []
[2023-11-27T01:24:57.669595+00:00] logger.INFO: Page link ["https://www.kreuzwort-raetsel.net/frage/aalartiger-fisch/"] []
[2023-11-27T01:24:58.205439+00:00] logger.INFO: Page link ["https://www.kreuzwort-raetsel.net/frage/aalartiger-fisch/"] []
[2023-11-27T01:24:58.670420+00:00] logger.INFO: Page link ["https://www.kreuzwort-raetsel.net/frage/aalartiger-fisch/"] []
[2023-11-27T01:24:59.234530+00:00] logger.INFO: Page link ["https://www.kreuzwort-raetsel.net/frage/aalartiger-fisch/"] []
[2023-11-27T01:24:59.653309+00:00] logger.INFO: Page link ["https://www.kreuzwort-raetsel.net/frage/aalartiger-fisch/"] []
[2023-11-27T01:25:00.088912+00:00] logger.INFO: Page link ["https://www.kreuzwort-raetsel.net/frage/aalartiger-fisch/"] []
[2023-11-27T01:25:00.896323+00:00] logger.INFO: Page link ["https://www.kreuzwort-raetsel.net/frage/aalartiger-fisch/"] []
[2023-11-27T01:25:01.804991+00:00] logger.INFO: Page link ["https://www.kreuzwort-raetsel.net/frage/aalartiger-fisch/"] []
[2023-11-27T01:25:02.881343+00:00] logger.INFO: Page link ["https://www.kreuzwort-raetsel.net/frage/aalartiger-fisch/"] []
[2023-11-27T01:25:03.541221+00:00] logger.INFO: Page link ["https://www.kreuzwort-raetsel.net/frage/aalartiger-knochenfisch/"] []
[2023-11-27T01:25:03.750519+00:00] logger.INFO: Page link ["https://www.kreuzwort-raetsel.net/frage/aalartiger-knochenfisch-warmer-meere/"] []
[2023-11-27T01:25:03.981146+00:00] logger.INFO: Page link ["https://www.kreuzwort-raetsel.net/frage/aalartiger-meeresfisch/"] []
[2023-11-27T01:25:04.197686+00:00] logger.INFO: Page link ["https://www.kreuzwort-raetsel.net/frage/aalartiger-meeresraubfisch/"] []
[2023-11-27T01:25:04.415448+00:00] logger.INFO: Page link ["https://www.kreuzwort-raetsel.net/frage/aalartiger-raubfisch/"] []
[2023-11-27T01:25:04.606424+00:00] logger.INFO: Page link ["https://www.kreuzwort-raetsel.net/frage/aalartiger-speisefisch/"] []
[2023-11-27T01:25:04.796827+00:00] logger.INFO: Page link ["https://www.kreuzwort-raetsel.net/frage/aalartiges-meerestier/"] []
[2023-11-27T01:25:05.002201+00:00] logger.INFO: Page link ["https://www.kreuzwort-raetsel.net/frage/aalartiges-wassertier/"] []
[2023-11-27T01:25:05.189457+00:00] logger.INFO: Page link ["https://www.kreuzwort-raetsel.net/frage/aalauge/"] []
[2023-11-27T01:25:05.453426+00:00] logger.INFO: Page link ["https://www.kreuzwort-raetsel.net/frage/aalbeere/"] []
[2023-11-27T01:25:05.703866+00:00] logger.INFO: Page link ["https://www.kreuzwort-raetsel.net/frage/aalbutt/"] []
[2023-11-27T01:25:05.930726+00:00] logger.INFO: Page link ["https://www.kreuzwort-raetsel.net/frage/aalen/"] []
[2023-11-27T01:25:06.348314+00:00] logger.INFO: Page link ["https://www.kreuzwort-raetsel.net/frage/aalen/"] []
[2023-11-27T01:25:07.036280+00:00] logger.INFO: Page link ["https://www.kreuzwort-raetsel.net/frage/aalen/"] []
[2023-11-27T01:25:07.516807+00:00] logger.INFO: Page link ["https://www.kreuzwort-raetsel.net/frage/aalen/"] []
[2023-11-27T01:25:07.966599+00:00] logger.INFO: Page link ["https://www.kreuzwort-raetsel.net/frage/aalen/"] []
[2023-11-27T01:25:08.326174+00:00] logger.INFO: Page link ["https://www.kreuzwort-raetsel.net/frage/aalen/"] []
[2023-11-27T01:25:08.820409+00:00] logger.INFO: Page link ["https://www.kreuzwort-raetsel.net/frage/aalen/"] []
[2023-11-27T01:25:09.148827+00:00] logger.INFO: Page link ["https://www.kreuzwort-raetsel.net/frage/aalen/"] []
[2023-11-27T01:25:09.456080+00:00] logger.INFO: Page link ["https://www.kreuzwort-raetsel.net/frage/aalen/"] []
[2023-11-27T01:25:09.766130+00:00] logger.INFO: Page link ["https://www.kreuzwort-raetsel.net/frage/aalen/"] []
[2023-11-27T01:25:10.207217+00:00] logger.INFO: Page link ["https://www.kreuzwort-raetsel.net/frage/aalen/"] []
[2023-11-27T01:25:10.709834+00:00] logger.INFO: Page link ["https://www.kreuzwort-raetsel.net/frage/aalen/"] []
[2023-11-27T01:25:11.119355+00:00] logger.INFO: Page link ["https://www.kreuzwort-raetsel.net/frage/aalen/"] []
[2023-11-27T01:25:11.598162+00:00] logger.INFO: Page link ["https://www.kreuzwort-raetsel.net/frage/aalen/"] []
[2023-11-27T01:25:12.013552+00:00] logger.INFO: Page link ["https://www.kreuzwort-raetsel.net/frage/aalen/"] []
[2023-11-27T01:25:12.440587+00:00] logger.INFO: Page link ["https://www.kreuzwort-raetsel.net/frage/aalen/"] []
[2023-11-27T01:25:12.863917+00:00] logger.INFO: Page link ["https://www.kreuzwort-raetsel.net/frage/aalen/"] []
[2023-11-27T01:25:13.136185+00:00] logger.INFO: Page link ["https://www.kreuzwort-raetsel.net/frage/aalen/"] []
[2023-11-27T01:25:13.777106+00:00] logger.INFO: Page link ["https://www.kreuzwort-raetsel.net/frage/aalfanggabel/"] []
[2023-11-27T01:25:14.015307+00:00] logger.INFO: Page link ["https://www.kreuzwort-raetsel.net/frage/aalfanggeraet/"] []
[2023-11-27T01:25:14.345561+00:00] logger.INFO: Page link ["https://www.kreuzwort-raetsel.net/frage/aalfanggeraet/"] []
[2023-11-27T01:25:14.706905+00:00] logger.INFO: Page link ["https://www.kreuzwort-raetsel.net/frage/aalfanggeraet/"] []
[2023-11-27T01:25:15.151897+00:00] logger.INFO: Page link ["https://www.kreuzwort-raetsel.net/frage/aalfanggeraet/"] []
[2023-11-27T01:25:15.613069+00:00] logger.INFO: Page link ["https://www.kreuzwort-raetsel.net/frage/aalfanggeraet/"] []
[2023-11-27T01:25:15.851445+00:00] logger.INFO: Page link ["https://www.kreuzwort-raetsel.net/frage/aalfanggeraet/"] []
[2023-11-27T01:25:16.149790+00:00] logger.INFO: Page link ["https://www.kreuzwort-raetsel.net/frage/aalfanggeraet/"] []
[2023-11-27T01:25:16.507503+00:00] logger.INFO: Page link ["https://www.kreuzwort-raetsel.net/frage/aalfanggeraet/"] []
[2023-11-27T01:25:16.798571+00:00] logger.INFO: Page link ["https://www.kreuzwort-raetsel.net/frage/aalfanggeraet/"] []
[2023-11-27T01:25:17.126411+00:00] logger.INFO: Page link ["https://www.kreuzwort-raetsel.net/frage/aalfanggeraet/"] []
[2023-11-27T01:25:17.385391+00:00] logger.INFO: Page link ["https://www.kreuzwort-raetsel.net/frage/aalfanggeraet/"] []
[2023-11-27T01:25:17.688744+00:00] logger.INFO: Page link ["https://www.kreuzwort-raetsel.net/frage/aalfanggeraet/"] []
[2023-11-27T01:25:18.042638+00:00] logger.INFO: Page link ["https://www.kreuzwort-raetsel.net/frage/aalfanggeraet-aalgabel/"] []
[2023-11-27T01:25:18.240339+00:00] logger.INFO: Page link ["https://www.kreuzwort-raetsel.net/frage/aalfanggeraet-aalgabel/"] []
[2023-11-27T01:25:18.442095+00:00] logger.INFO: Page link ["https://www.kreuzwort-raetsel.net/frage/aalfangkoerbe/"] []
[2023-11-27T01:25:18.625519+00:00] logger.INFO: Page link ["https://www.kreuzwort-raetsel.net/frage/aalfoermig/"] []
[2023-11-27T01:25:18.811039+00:00] logger.INFO: Page link ["https://www.kreuzwort-raetsel.net/frage/aalfoermige-meersraubfische/"] []
[2023-11-27T01:25:19.012247+00:00] logger.INFO: Page link ["https://www.kreuzwort-raetsel.net/frage/aalfoermiger-fisch/"] []
[2023-11-27T01:25:19.274068+00:00] logger.INFO: Page link ["https://www.kreuzwort-raetsel.net/frage/aalfoermiger-fisch/"] []
[2023-11-27T01:25:19.482804+00:00] logger.INFO: Page link ["https://www.kreuzwort-raetsel.net/frage/aalfoermiger-fisch/"] []
[2023-11-27T01:25:19.696470+00:00] logger.INFO: Page link ["https://www.kreuzwort-raetsel.net/frage/aalfoermiger-fisch/"] []
[2023-11-27T01:25:19.908141+00:00] logger.INFO: Page link ["https://www.kreuzwort-raetsel.net/frage/aalfoermiger-fisch/"] []
[2023-11-27T01:25:20.117973+00:00] logger.INFO: Page link ["https://www.kreuzwort-raetsel.net/frage/aalfoermiger-fisch-neunauge/"] []
[2023-11-27T01:25:20.320771+00:00] logger.INFO: Page link ["https://www.kreuzwort-raetsel.net/frage/aalfoermiger-fischparasit/"] []
[2023-11-27T01:25:20.529248+00:00] logger.INFO: Page link ["https://www.kreuzwort-raetsel.net/frage/aalfoermiger-lurch/"] []
[2023-11-27T01:25:20.751544+00:00] logger.INFO: Page link ["https://www.kreuzwort-raetsel.net/frage/aalfoermiger-meeresraubfisch/"] []
[2023-11-27T01:25:20.950746+00:00] logger.INFO: Page link ["https://www.kreuzwort-raetsel.net/frage/aalfoermiger-raubfisch/"] []
[2023-11-27T01:25:21.141106+00:00] logger.INFO: Page link ["https://www.kreuzwort-raetsel.net/frage/aalfoermiger-schleimfisch/"] []
[2023-11-27T01:25:21.342277+00:00] logger.INFO: Page link ["https://www.kreuzwort-raetsel.net/frage/aalfoermiger-schwanzlurch/"] []
[2023-11-27T01:25:21.539156+00:00] logger.INFO: Page link ["https://www.kreuzwort-raetsel.net/frage/aalgabel/"] []
[2023-11-27T01:25:21.766902+00:00] logger.INFO: Page link ["https://www.kreuzwort-raetsel.net/frage/aalgabel/"] []
[2023-11-27T01:25:22.174714+00:00] logger.INFO: Page link ["https://www.kreuzwort-raetsel.net/frage/aalgabel/"] []
[2023-11-27T01:25:22.459326+00:00] logger.INFO: Page link ["https://www.kreuzwort-raetsel.net/frage/aalgabel/"] []
[2023-11-27T01:25:22.725254+00:00] logger.INFO: Page link ["https://www.kreuzwort-raetsel.net/frage/aalgabel/"] []
[2023-11-27T01:25:22.949643+00:00] logger.INFO: Page link ["https://www.kreuzwort-raetsel.net/frage/aalglatt/"] []
[2023-11-27T01:25:23.524177+00:00] logger.INFO: Page link ["https://www.kreuzwort-raetsel.net/frage/aalglatt/"] []
[2023-11-27T01:25:23.804590+00:00] logger.INFO: Page link ["https://www.kreuzwort-raetsel.net/frage/aalglatt/"] []
[2023-11-27T01:25:24.082970+00:00] logger.INFO: Page link ["https://www.kreuzwort-raetsel.net/frage/aalglatt/"] []
[2023-11-27T01:25:24.346399+00:00] logger.INFO: Page link ["https://www.kreuzwort-raetsel.net/frage/aalglatt/"] []
[2023-11-27T01:25:24.606542+00:00] logger.INFO: Page link ["https://www.kreuzwort-raetsel.net/frage/aalglatt/"] []
[2023-11-27T01:25:24.902533+00:00] logger.INFO: Page link ["https://www.kreuzwort-raetsel.net/frage/aalglatt/"] []
[2023-11-27T01:25:25.171206+00:00] logger.INFO: Page link ["https://www.kreuzwort-raetsel.net/frage/aalglatt/"] []
[2023-11-27T01:25:25.532004+00:00] logger.INFO: Page link ["https://www.kreuzwort-raetsel.net/frage/aalglatt/"] []
[2023-11-27T01:25:25.867915+00:00] logger.INFO: Page link ["https://www.kreuzwort-raetsel.net/frage/aalglatt/"] []
[2023-11-27T01:25:26.218839+00:00] logger.INFO: Page link ["https://www.kreuzwort-raetsel.net/frage/aalglatt/"] []
[2023-11-27T01:25:26.597832+00:00] logger.INFO: Page link ["https://www.kreuzwort-raetsel.net/frage/aalglatt-abwertend/"] []
[2023-11-27T01:25:26.831531+00:00] logger.INFO: Page link ["https://www.kreuzwort-raetsel.net/frage/aalglatt-abwertend/"] []
[2023-11-27T01:25:27.004470+00:00] logger.INFO: Page link ["https://www.kreuzwort-raetsel.net/frage/aalglatt-bildungssprachlich/"] []
[2023-11-27T01:25:27.257731+00:00] logger.INFO: Page link ["https://www.kreuzwort-raetsel.net/frage/aalkraehe/"] []
[2023-11-27T01:25:27.435524+00:00] logger.INFO: Page link ["https://www.kreuzwort-raetsel.net/frage/aalmolch/"] []
[2023-11-27T01:25:27.633267+00:00] logger.INFO: Page link ["https://www.kreuzwort-raetsel.net/frage/aalmutter/"] []
[2023-11-27T01:25:27.836526+00:00] logger.INFO: Page link ["https://www.kreuzwort-raetsel.net/frage/aalmutter-besonders-norddeutsch/"] []
[2023-11-27T01:25:28.051635+00:00] logger.INFO: Page link ["https://www.kreuzwort-raetsel.net/frage/aalquappe/"] []
[2023-11-27T01:25:28.283417+00:00] logger.INFO: Page link ["https://www.kreuzwort-raetsel.net/frage/aalquappe/"] []
[2023-11-27T01:25:28.473634+00:00] logger.INFO: Page link ["https://www.kreuzwort-raetsel.net/frage/aalquappe/"] []
[2023-11-27T01:25:28.689642+00:00] logger.INFO: Page link ["https://www.kreuzwort-raetsel.net/frage/aalquappe/"] []
[2023-11-27T01:25:28.943892+00:00] logger.INFO: Page link ["https://www.kreuzwort-raetsel.net/frage/aalraupe/"] []
[2023-11-27T01:25:29.383915+00:00] logger.INFO: Page link ["https://www.kreuzwort-raetsel.net/frage/aalraupe/"] []
[2023-11-27T01:25:29.662974+00:00] logger.INFO: Page link ["https://www.kreuzwort-raetsel.net/frage/aalraupe/"] []
[2023-11-27T01:25:29.885361+00:00] logger.INFO: Page link ["https://www.kreuzwort-raetsel.net/frage/aalraupe/"] []
[2023-11-27T01:25:30.126641+00:00] logger.INFO: Page link ["https://www.kreuzwort-raetsel.net/frage/aalraupe/"] []
[2023-11-27T01:25:30.513033+00:00] logger.INFO: Page link ["https://www.kreuzwort-raetsel.net/frage/aalraupe/"] []
[2023-11-27T01:25:30.841628+00:00] logger.INFO: Page link ["https://www.kreuzwort-raetsel.net/frage/aalraupe/"] []
[2023-11-27T01:25:31.165096+00:00] logger.INFO: Page link ["https://www.kreuzwort-raetsel.net/frage/aalraupe/"] []
[2023-11-27T01:25:31.430575+00:00] logger.INFO: Page link ["https://www.kreuzwort-raetsel.net/frage/aalraupe/"] []
[2023-11-27T01:25:31.670293+00:00] logger.INFO: Page link ["https://www.kreuzwort-raetsel.net/frage/aalrutte-quappe/"] []
[2023-11-27T01:25:32.348464+00:00] logger.INFO: Page link ["https://www.kreuzwort-raetsel.net/frage/aaltier-aaltierchen/"] []
[2023-11-27T01:25:32.571727+00:00] logger.INFO: Page link ["https://www.kreuzwort-raetsel.net/frage/aaltier-aaltierchen/"] []
[2023-11-27T01:25:32.755551+00:00] logger.INFO: Page link ["https://www.kreuzwort-raetsel.net/frage/aaltierchen/"] []
[2023-11-27T01:25:32.943441+00:00] logger.INFO: Page link ["https://www.kreuzwort-raetsel.net/frage/aaltierchen/"] []
[2023-11-27T01:25:33.127340+00:00] logger.INFO: Page link ["https://www.kreuzwort-raetsel.net/frage/aar/"] []
[2023-11-27T01:25:33.328564+00:00] logger.INFO: Page link ["https://www.kreuzwort-raetsel.net/frage/aarau-hauptstadt-des-kantons/"] []
[2023-11-27T01:25:33.552139+00:00] logger.INFO: Page link ["https://www.kreuzwort-raetsel.net/frage/aarauer-fussballstadion/"] []
[2023-11-27T01:25:33.751048+00:00] logger.INFO: Page link ["https://www.kreuzwort-raetsel.net/frage/aarauer-kulturzentrum/"] []
[2023-11-27T01:25:33.950390+00:00] logger.INFO: Page link ["https://www.kreuzwort-raetsel.net/frage/aarauer-musikclub/"] []
[2023-11-27T01:25:34.209972+00:00] logger.INFO: Page link ["https://www.kreuzwort-raetsel.net/frage/aarauer-musikclub/"] []
[2023-11-27T01:25:34.435513+00:00] logger.INFO: Page link ["https://www.kreuzwort-raetsel.net/frage/aarauer-musikclub/"] []
[2023-11-27T01:25:34.619860+00:00] logger.INFO: Page link ["https://www.kreuzwort-raetsel.net/frage/aare-fluss-zur/"] []
[2023-11-27T01:25:34.835508+00:00] logger.INFO: Page link ["https://www.kreuzwort-raetsel.net/frage/aare-tal/"] []
[2023-11-27T01:25:35.076200+00:00] logger.INFO: Page link ["https://www.kreuzwort-raetsel.net/frage/aare-zufluss/"] []
[2023-11-27T01:25:35.751321+00:00] logger.INFO: Page link ["https://www.kreuzwort-raetsel.net/frage/aare-zufluss/"] []
[2023-11-27T01:25:36.121116+00:00] logger.INFO: Page link ["https://www.kreuzwort-raetsel.net/frage/aare-zufluss/"] []
[2023-11-27T01:25:36.520068+00:00] logger.INFO: Page link ["https://www.kreuzwort-raetsel.net/frage/aare-zufluss/"] []
[2023-11-27T01:25:36.928248+00:00] logger.INFO: Page link ["https://www.kreuzwort-raetsel.net/frage/aare-zufluss/"] []
[2023-11-27T01:25:37.304114+00:00] logger.INFO: Page link ["https://www.kreuzwort-raetsel.net/frage/aare-zufluss/"] []
[2023-11-27T01:25:37.643603+00:00] logger.INFO: Page link ["https://www.kreuzwort-raetsel.net/frage/aare-zufluss/"] []
[2023-11-27T01:25:38.144219+00:00] logger.INFO: Page link ["https://www.kreuzwort-raetsel.net/frage/aare-zufluss/"] []
[2023-11-27T01:25:38.540546+00:00] logger.INFO: Page link ["https://www.kreuzwort-raetsel.net/frage/aare-zufluss/"] []
[2023-11-27T01:25:38.942686+00:00] logger.INFO: Page link ["https://www.kreuzwort-raetsel.net/frage/aare-zufluss/"] []
[2023-11-27T01:25:39.339754+00:00] logger.INFO: Page link ["https://www.kreuzwort-raetsel.net/frage/aare-zufluss/"] []
[2023-11-27T01:25:39.671137+00:00] logger.INFO: Page link ["https://www.kreuzwort-raetsel.net/frage/aare-zufluss/"] []
[2023-11-27T01:25:40.019814+00:00] logger.INFO: Page link ["https://www.kreuzwort-raetsel.net/frage/aare-zufluss/"] []
[2023-11-27T01:25:40.438596+00:00] logger.INFO: Page link ["https://www.kreuzwort-raetsel.net/frage/aare-zufluss/"] []
[2023-11-27T01:25:40.790976+00:00] logger.INFO: Page link ["https://www.kreuzwort-raetsel.net/frage/aare-zufluss/"] []
[2023-11-27T01:25:41.133128+00:00] logger.INFO: Page link ["https://www.kreuzwort-raetsel.net/frage/aare-zufluss/"] []
[2023-11-27T01:25:41.537088+00:00] logger.INFO: Page link ["https://www.kreuzwort-raetsel.net/frage/aare-zufluss/"] []
[2023-11-27T01:25:42.063434+00:00] logger.INFO: Page link ["https://www.kreuzwort-raetsel.net/frage/aare-zufluss/"] []
[2023-11-27T01:25:42.456782+00:00] logger.INFO: Page link ["https://www.kreuzwort-raetsel.net/frage/aare-zufluss/"] []
[2023-11-27T01:25:42.916981+00:00] logger.INFO: Page link ["https://www.kreuzwort-raetsel.net/frage/aare-zufluss-schweiz/"] []
[2023-11-27T01:25:43.111036+00:00] logger.INFO: Page link ["https://www.kreuzwort-raetsel.net/frage/aare-zufluss-im-schweizerischen-kanton-bern/"] []
[2023-11-27T01:25:43.325680+00:00] logger.INFO: Page link ["https://www.kreuzwort-raetsel.net/frage/aare-zufluss-in-der-schweiz/"] []
[2023-11-27T01:25:43.502200+00:00] logger.INFO: Page link ["https://www.kreuzwort-raetsel.net/frage/aareinsel-in-thun/"] []
[2023-11-27T01:25:43.723112+00:00] logger.INFO: Page link ["https://www.kreuzwort-raetsel.net/frage/aaretal-im-kanton-bern/"] []
[2023-11-27T01:25:43.962203+00:00] logger.INFO: Page link ["https://www.kreuzwort-raetsel.net/frage/aaretal-schweizerisches-seitental/"] []
[2023-11-27T01:25:44.304173+00:00] logger.INFO: Page link ["https://www.kreuzwort-raetsel.net/frage/aarezufluss/"] []
[2023-11-27T01:25:44.535820+00:00] logger.INFO: Page link ["https://www.kreuzwort-raetsel.net/frage/aarezufluss/"] []
[2023-11-27T01:25:44.757315+00:00] logger.INFO: Page link ["https://www.kreuzwort-raetsel.net/frage/aarezufluss/"] []
[2023-11-27T01:25:44.989564+00:00] logger.INFO: Page link ["https://www.kreuzwort-raetsel.net/frage/aarezufluss-be/"] []
[2023-11-27T01:25:45.185563+00:00] logger.INFO: Page link ["https://www.kreuzwort-raetsel.net/frage/aarezufluss-im-kanton-bern/"] []
[2023-11-27T01:25:45.387140+00:00] logger.INFO: Page link ["https://www.kreuzwort-raetsel.net/frage/aarezufluss-in-der-schweiz/"] []
[2023-11-27T01:25:45.603762+00:00] logger.INFO: Page link ["https://www.kreuzwort-raetsel.net/frage/aarezufluss-in-der-schweiz/"] []
[2023-11-27T01:25:45.800779+00:00] logger.INFO: Page link ["https://www.kreuzwort-raetsel.net/frage/aarezufluss-in-olten/"] []
[2023-11-27T01:25:46.029898+00:00] logger.INFO: Page link ["https://www.kreuzwort-raetsel.net/frage/aargauer-autor-klaus/"] []
[2023-11-27T01:25:46.226510+00:00] logger.INFO: Page link ["https://www.kreuzwort-raetsel.net/frage/aargauer-bahnlinie/"] []
[2023-11-27T01:25:46.416134+00:00] logger.INFO: Page link ["https://www.kreuzwort-raetsel.net/frage/aargauer-fleischspezialitaet/"] []
[2023-11-27T01:25:46.631113+00:00] logger.INFO: Page link ["https://www.kreuzwort-raetsel.net/frage/aargauer-gemeinde-im-freiamt/"] []
[2023-11-27T01:25:46.842223+00:00] logger.INFO: Page link ["https://www.kreuzwort-raetsel.net/frage/aargauer-gemeinde-im-wiggertal/"] []
[2023-11-27T01:25:47.055361+00:00] logger.INFO: Page link ["https://www.kreuzwort-raetsel.net/frage/aargauer-lokalradio/"] []
[2023-11-27T01:25:47.250392+00:00] logger.INFO: Page link ["https://www.kreuzwort-raetsel.net/frage/aargauer-nationalraetin/"] []
[2023-11-27T01:25:47.429162+00:00] logger.INFO: Page link ["https://www.kreuzwort-raetsel.net/frage/aargauer-nobelpreistraeger/"] []
[2023-11-27T01:25:47.602470+00:00] logger.INFO: Page link ["https://www.kreuzwort-raetsel.net/frage/aargauer-regisseurin-sabine/"] []
[2023-11-27T01:25:47.844673+00:00] logger.INFO: Page link ["https://www.kreuzwort-raetsel.net/frage/aargauer-schriftsteller/"] []
[2023-11-27T01:25:48.248149+00:00] logger.INFO: Page link ["https://www.kreuzwort-raetsel.net/frage/aargauer-schriftsteller/"] []
[2023-11-27T01:25:48.565311+00:00] logger.INFO: Page link ["https://www.kreuzwort-raetsel.net/frage/aargauer-schriftsteller/"] []
[2023-11-27T01:25:48.826702+00:00] logger.INFO: Page link ["https://www.kreuzwort-raetsel.net/frage/aargauer-schriftsteller/"] []
[2023-11-27T01:25:49.087192+00:00] logger.INFO: Page link ["https://www.kreuzwort-raetsel.net/frage/aargauer-schriftsteller/"] []
[2023-11-27T01:25:49.346164+00:00] logger.INFO: Page link ["https://www.kreuzwort-raetsel.net/frage/aargauer-schriftsteller/"] []
[2023-11-27T01:25:49.590342+00:00] logger.INFO: Page link ["https://www.kreuzwort-raetsel.net/frage/aargauer-schriftsteller/"] []
[2023-11-27T01:25:49.835835+00:00] logger.INFO: Page link ["https://www.kreuzwort-raetsel.net/frage/aargauer-schriftsteller/"] []
[2023-11-27T01:25:50.088089+00:00] logger.INFO: Page link ["https://www.kreuzwort-raetsel.net/frage/aargauer-schriftsteller/"] []
[2023-11-27T01:25:50.348428+00:00] logger.INFO: Page link ["https://www.kreuzwort-raetsel.net/frage/aargauer-spezialitaet/"] []
[2023-11-27T01:25:50.561352+00:00] logger.INFO: Page link ["https://www.kreuzwort-raetsel.net/frage/aargauer-theologe-1824-1894/"] []
[2023-11-27T01:25:50.811089+00:00] logger.INFO: Page link ["https://www.kreuzwort-raetsel.net/frage/aarons-bruder/"] []
[2023-11-27T01:25:51.016974+00:00] logger.INFO: Page link ["https://www.kreuzwort-raetsel.net/frage/aarons-bruder/"] []
[2023-11-27T01:25:51.204555+00:00] logger.INFO: Page link ["https://www.kreuzwort-raetsel.net/frage/aarons-nachfolger/"] []
[2023-11-27T01:25:51.400509+00:00] logger.INFO: Page link ["https://www.kreuzwort-raetsel.net/frage/aarons-sohn/"] []
[2023-11-27T01:25:51.591764+00:00] logger.INFO: Page link ["https://www.kreuzwort-raetsel.net/frage/aarons-und-moses-schwester/"] []
[2023-11-27T01:25:51.793396+00:00] logger.INFO: Page link ["https://www.kreuzwort-raetsel.net/frage/aaronstabgewaechs/"] []
[2023-11-27T01:25:52.038118+00:00] logger.INFO: Page link ["https://www.kreuzwort-raetsel.net/frage/aas/"] []
[2023-11-27T01:25:52.289007+00:00] logger.INFO: Page link ["https://www.kreuzwort-raetsel.net/frage/aas/"] []
[2023-11-27T01:25:52.531798+00:00] logger.INFO: Page link ["https://www.kreuzwort-raetsel.net/frage/aas/"] []
[2023-11-27T01:25:52.783163+00:00] logger.INFO: Page link ["https://www.kreuzwort-raetsel.net/frage/aas/"] []
[2023-11-27T01:25:53.052223+00:00] logger.INFO: Page link ["https://www.kreuzwort-raetsel.net/frage/aas/"] []
[2023-11-27T01:25:53.382843+00:00] logger.INFO: Page link ["https://www.kreuzwort-raetsel.net/frage/aas-landschaftlich/"] []
[2023-11-27T01:25:53.649302+00:00] logger.INFO: Page link ["https://www.kreuzwort-raetsel.net/frage/aas-als-koeder/"] []
[2023-11-27T01:25:53.863962+00:00] logger.INFO: Page link ["https://www.kreuzwort-raetsel.net/frage/aas-als-raubtierkoeder/"] []
[2023-11-27T01:25:54.099331+00:00] logger.INFO: Page link ["https://www.kreuzwort-raetsel.net/frage/aas-als-raubwildkoeder/"] []
[2023-11-27T01:25:54.313546+00:00] logger.INFO: Page link ["https://www.kreuzwort-raetsel.net/frage/aas-des-wildes/"] []
[2023-11-27T01:25:54.549437+00:00] logger.INFO: Page link ["https://www.kreuzwort-raetsel.net/frage/aas-fressender-fisch/"] []
[2023-11-27T01:25:54.727475+00:00] logger.INFO: Page link ["https://www.kreuzwort-raetsel.net/frage/aas-fressender-storch/"] []
[2023-11-27T01:25:54.928625+00:00] logger.INFO: Page link ["https://www.kreuzwort-raetsel.net/frage/aas-fressender-vogel/"] []
[2023-11-27T01:25:55.126796+00:00] logger.INFO: Page link ["https://www.kreuzwort-raetsel.net/frage/aas-fressender-vogel/"] []
[2023-11-27T01:25:55.361463+00:00] logger.INFO: Page link ["https://www.kreuzwort-raetsel.net/frage/aas-fressender-vogel/"] []
[2023-11-27T01:25:55.609811+00:00] logger.INFO: Page link ["https://www.kreuzwort-raetsel.net/frage/aas-fressender-vogel/"] []
[2023-11-27T01:25:55.823288+00:00] logger.INFO: Page link ["https://www.kreuzwort-raetsel.net/frage/aas-fressendes-meerestier/"] []
[2023-11-27T01:25:56.094667+00:00] logger.INFO: Page link ["https://www.kreuzwort-raetsel.net/frage/aas-fressendes-meerestier/"] []
[2023-11-27T01:25:56.406649+00:00] logger.INFO: Page link ["https://www.kreuzwort-raetsel.net/frage/aas-fressendes-raubtier/"] []
[2023-11-27T01:25:56.654752+00:00] logger.INFO: Page link ["https://www.kreuzwort-raetsel.net/frage/aas-fressendes-raubtier/"] []
[2023-11-27T01:25:56.864905+00:00] logger.INFO: Page link ["https://www.kreuzwort-raetsel.net/frage/aas-fressendes-raubtier/"] []
[2023-11-27T01:25:57.092542+00:00] logger.INFO: Page link ["https://www.kreuzwort-raetsel.net/frage/aas-fressendes-raubtier/"] []
[2023-11-27T01:25:57.311079+00:00] logger.INFO: Page link ["https://www.kreuzwort-raetsel.net/frage/aas-fressendes-raubtier/"] []
[2023-11-27T01:25:57.538755+00:00] logger.INFO: Page link ["https://www.kreuzwort-raetsel.net/frage/aas-lump-kerl-schwaebisch/"] []
[2023-11-27T01:25:57.726373+00:00] logger.INFO: Page link ["https://www.kreuzwort-raetsel.net/frage/aasblume/"] []
[2023-11-27T01:25:57.955235+00:00] logger.INFO: Page link ["https://www.kreuzwort-raetsel.net/frage/aasblume/"] []
[2023-11-27T01:25:58.209963+00:00] logger.INFO: Page link ["https://www.kreuzwort-raetsel.net/frage/aasblume/"] []
[2023-11-27T01:25:58.430881+00:00] logger.INFO: Page link ["https://www.kreuzwort-raetsel.net/frage/aasblume/"] []
[2023-11-27T01:25:58.668350+00:00] logger.INFO: Page link ["https://www.kreuzwort-raetsel.net/frage/aasblume/"] []
[2023-11-27T01:25:58.908948+00:00] logger.INFO: Page link ["https://www.kreuzwort-raetsel.net/frage/aasblume-mit-sternfoermigen-blueten/"] []
[2023-11-27T01:25:59.151381+00:00] logger.INFO: Page link ["https://www.kreuzwort-raetsel.net/frage/aasblume-mit-sternfoermigen-blueten/"] []
[2023-11-27T01:25:59.352721+00:00] logger.INFO: Page link ["https://www.kreuzwort-raetsel.net/frage/aasen/"] []
[2023-11-27T01:25:59.560228+00:00] logger.INFO: Page link ["https://www.kreuzwort-raetsel.net/frage/aasen/"] []
[2023-11-27T01:25:59.755655+00:00] logger.INFO: Page link ["https://www.kreuzwort-raetsel.net/frage/aasen-vergeuden/"] []
[2023-11-27T01:25:59.937728+00:00] logger.INFO: Page link ["https://www.kreuzwort-raetsel.net/frage/aasfressende-greifvoegel/"] []
[2023-11-27T01:26:00.127355+00:00] logger.INFO: Page link ["https://www.kreuzwort-raetsel.net/frage/aasfressende-raubtiere/"] []
[2023-11-27T01:26:00.298236+00:00] logger.INFO: Page link ["https://www.kreuzwort-raetsel.net/frage/aasfressender-fisch/"] []
[2023-11-27T01:26:00.519997+00:00] logger.INFO: Page link ["https://www.kreuzwort-raetsel.net/frage/aasfressender-greifvogel/"] []
[2023-11-27T01:26:00.779402+00:00] logger.INFO: Page link ["https://www.kreuzwort-raetsel.net/frage/aasfressender-storch/"] []
[2023-11-27T01:26:00.999753+00:00] logger.INFO: Page link ["https://www.kreuzwort-raetsel.net/frage/aasfressender-vogel/"] []
[2023-11-27T01:26:01.244187+00:00] logger.INFO: Page link ["https://www.kreuzwort-raetsel.net/frage/aasfressender-vogel-aasvogel/"] []
[2023-11-27T01:26:01.574829+00:00] logger.INFO: Page link ["https://www.kreuzwort-raetsel.net/frage/aasfressender-vogel-aasvogel/"] []
[2023-11-27T01:26:01.809350+00:00] logger.INFO: Page link ["https://www.kreuzwort-raetsel.net/frage/aasfressender-vogel-aasvogel/"] []
[2023-11-27T01:26:02.052940+00:00] logger.INFO: Page link ["https://www.kreuzwort-raetsel.net/frage/aasfressendes-meerestier/"] []
[2023-11-27T01:26:02.294555+00:00] logger.INFO: Page link ["https://www.kreuzwort-raetsel.net/frage/aasfressendes-raubtier/"] []
[2023-11-27T01:26:02.573696+00:00] logger.INFO: Page link ["https://www.kreuzwort-raetsel.net/frage/aasfressendes-raubtier/"] []
[2023-11-27T01:26:02.833282+00:00] logger.INFO: Page link ["https://www.kreuzwort-raetsel.net/frage/aasfresser/"] []
[2023-11-27T01:26:03.545040+00:00] logger.INFO: Page link ["https://www.kreuzwort-raetsel.net/frage/aasfresser/"] []
[2023-11-27T01:26:04.230299+00:00] logger.INFO: Page link ["https://www.kreuzwort-raetsel.net/frage/aasfresser/"] []
[2023-11-27T01:26:04.645052+00:00] logger.INFO: Page link ["https://www.kreuzwort-raetsel.net/frage/aasfresser/"] []
[2023-11-27T01:26:05.459033+00:00] logger.INFO: Page link ["https://www.kreuzwort-raetsel.net/frage/aasfresser/"] []
[2023-11-27T01:26:06.387352+00:00] logger.INFO: Page link ["https://www.kreuzwort-raetsel.net/frage/aasfresser/"] []
[2023-11-27T01:26:07.396636+00:00] logger.INFO: Page link ["https://www.kreuzwort-raetsel.net/frage/aasfresser/"] []
[2023-11-27T01:26:07.962558+00:00] logger.INFO: Page link ["https://www.kreuzwort-raetsel.net/frage/aasfresser/"] []
[2023-11-27T01:26:08.387988+00:00] logger.INFO: Page link ["https://www.kreuzwort-raetsel.net/frage/aasfresser/"] []
[2023-11-27T01:26:08.951615+00:00] logger.INFO: Page link ["https://www.kreuzwort-raetsel.net/frage/aasfresser/"] []
[2023-11-27T01:26:09.468718+00:00] logger.INFO: Page link ["https://www.kreuzwort-raetsel.net/frage/aasfresser/"] []
[2023-11-27T01:26:09.850104+00:00] logger.INFO: Page link ["https://www.kreuzwort-raetsel.net/frage/aasfresser/"] []
[2023-11-27T01:26:10.217646+00:00] logger.INFO: Page link ["https://www.kreuzwort-raetsel.net/frage/aasfresser/"] []
[2023-11-27T01:26:10.775674+00:00] logger.INFO: Page link ["https://www.kreuzwort-raetsel.net/frage/aasfresser/"] []
[2023-11-27T01:26:11.157389+00:00] logger.INFO: Page link ["https://www.kreuzwort-raetsel.net/frage/aasfresser/"] []
[2023-11-27T01:26:11.561460+00:00] logger.INFO: Page link ["https://www.kreuzwort-raetsel.net/frage/aasfresser/"] []
[2023-11-27T01:26:11.924479+00:00] logger.INFO: Page link ["https://www.kreuzwort-raetsel.net/frage/aasfresser/"] []
[2023-11-27T01:26:12.259317+00:00] logger.INFO: Page link ["https://www.kreuzwort-raetsel.net/frage/aasfresser/"] []
[2023-11-27T01:26:12.622435+00:00] logger.INFO: Page link ["https://www.kreuzwort-raetsel.net/frage/aasfresser/"] []
[2023-11-27T01:26:13.017347+00:00] logger.INFO: Page link ["https://www.kreuzwort-raetsel.net/frage/aasfresser/"] []
[2023-11-27T01:26:13.338001+00:00] logger.INFO: Page link ["https://www.kreuzwort-raetsel.net/frage/aasfresser/"] []
[2023-11-27T01:26:13.886614+00:00] logger.INFO: Page link ["https://www.kreuzwort-raetsel.net/frage/aasfresser/"] []
[2023-11-27T01:26:14.485804+00:00] logger.INFO: Page link ["https://www.kreuzwort-raetsel.net/frage/aasfresser/"] []
[2023-11-27T01:26:15.047282+00:00] logger.INFO: Page link ["https://www.kreuzwort-raetsel.net/frage/aasfresser/"] []
[2023-11-27T01:26:15.651611+00:00] logger.INFO: Page link ["https://www.kreuzwort-raetsel.net/frage/aasfresser/"] []
[2023-11-27T01:26:16.285981+00:00] logger.INFO: Page link ["https://www.kreuzwort-raetsel.net/frage/aasgeier/"] []
[2023-11-27T01:26:16.530359+00:00] logger.INFO: Page link ["https://www.kreuzwort-raetsel.net/frage/aasgeier/"] []
[2023-11-27T01:26:16.726936+00:00] logger.INFO: Page link ["https://www.kreuzwort-raetsel.net/frage/aasig/"] []
[2023-11-27T01:26:16.984658+00:00] logger.INFO: Page link ["https://www.kreuzwort-raetsel.net/frage/aasig/"] []
[2023-11-27T01:26:17.253197+00:00] logger.INFO: Page link ["https://www.kreuzwort-raetsel.net/frage/aasinsekt/"] []
[2023-11-27T01:26:17.489429+00:00] logger.INFO: Page link ["https://www.kreuzwort-raetsel.net/frage/aasinsekt/"] []
[2023-11-27T01:26:17.723938+00:00] logger.INFO: Page link ["https://www.kreuzwort-raetsel.net/frage/aasinsekt/"] []
[2023-11-27T01:26:17.944819+00:00] logger.INFO: Page link ["https://www.kreuzwort-raetsel.net/frage/aaskaefer/"] []
[2023-11-27T01:26:18.145434+00:00] logger.INFO: Page link ["https://www.kreuzwort-raetsel.net/frage/aast-mehrzahl/"] []
[2023-11-27T01:26:18.382809+00:00] logger.INFO: Page link ["https://www.kreuzwort-raetsel.net/frage/aasvertilger-greifvogel/"] []
[2023-11-27T01:26:18.611244+00:00] logger.INFO: Page link ["https://www.kreuzwort-raetsel.net/frage/aasvogel/"] []
[2023-11-27T01:26:18.903150+00:00] logger.INFO: Page link ["https://www.kreuzwort-raetsel.net/frage/aasvogel/"] []
[2023-11-27T01:26:19.145302+00:00] logger.INFO: Page link ["https://www.kreuzwort-raetsel.net/frage/aasvogel/"] []
[2023-11-27T01:26:19.357892+00:00] logger.INFO: Page link ["https://www.kreuzwort-raetsel.net/frage/aasvogel/"] []
[2023-11-27T01:26:19.556403+00:00] logger.INFO: Page link ["https://www.kreuzwort-raetsel.net/frage/aasvogel/"] []
[2023-11-27T01:26:19.761288+00:00] logger.INFO: Page link ["https://www.kreuzwort-raetsel.net/frage/aasvogel-des-hochgebirges/"] []
[2023-11-27T01:26:19.957930+00:00] logger.INFO: Page link ["https://www.kreuzwort-raetsel.net/frage/aasvogel-kondor/"] []
[2023-11-27T01:26:20.138769+00:00] logger.INFO: Page link ["https://www.kreuzwort-raetsel.net/frage/ab/"] []
[2023-11-27T01:26:20.323333+00:00] logger.INFO: Page link ["https://www.kreuzwort-raetsel.net/frage/ab/"] []
[2023-11-27T01:26:20.505980+00:00] logger.INFO: Page link ["https://www.kreuzwort-raetsel.net/frage/ab-dann-ab-jetzt/"] []
[2023-11-27T01:26:20.682549+00:00] logger.INFO: Page link ["https://www.kreuzwort-raetsel.net/frage/ab-dann-im-weiteren-verlauf/"] []
[2023-11-27T01:26:20.860105+00:00] logger.INFO: Page link ["https://www.kreuzwort-raetsel.net/frage/ab-diesem-zeitpunkt/"] []
[2023-11-27T01:26:21.059331+00:00] logger.INFO: Page link ["https://www.kreuzwort-raetsel.net/frage/ab-dieser-zeit/"] []
[2023-11-27T01:26:21.267368+00:00] logger.INFO: Page link ["https://www.kreuzwort-raetsel.net/frage/ab-einem-bestimmten-zeitpunkt/"] []
[2023-11-27T01:26:21.444378+00:00] logger.INFO: Page link ["https://www.kreuzwort-raetsel.net/frage/ab-einem-zeitpunkt/"] []
[2023-11-27T01:26:21.723525+00:00] logger.INFO: Page link ["https://www.kreuzwort-raetsel.net/frage/ab-einem-zeitpunkt/"] []
[2023-11-27T01:26:21.927453+00:00] logger.INFO: Page link ["https://www.kreuzwort-raetsel.net/frage/ab-einem-zeitpunkt/"] []
[2023-11-27T01:26:22.116892+00:00] logger.INFO: Page link ["https://www.kreuzwort-raetsel.net/frage/ab-februar-gelbbluehender-strauch/"] []
[2023-11-27T01:26:22.455564+00:00] logger.INFO: Page link ["https://www.kreuzwort-raetsel.net/frage/ab-genannter-zeit/"] []
[2023-11-27T01:26:22.656895+00:00] logger.INFO: Page link ["https://www.kreuzwort-raetsel.net/frage/ab-januar-gelb-bluehender-strauch/"] []
[2023-11-27T01:26:22.857003+00:00] logger.INFO: Page link ["https://www.kreuzwort-raetsel.net/frage/ab-jener-zeit/"] []
[2023-11-27T01:26:23.068240+00:00] logger.INFO: Page link ["https://www.kreuzwort-raetsel.net/frage/ab-jener-zeit/"] []
[2023-11-27T01:26:23.409022+00:00] logger.INFO: Page link ["https://www.kreuzwort-raetsel.net/frage/ab-jetzt/"] []
[2023-11-27T01:26:23.629342+00:00] logger.INFO: Page link ["https://www.kreuzwort-raetsel.net/frage/ab-jetzt/"] []
[2023-11-27T01:26:23.830176+00:00] logger.INFO: Page link ["https://www.kreuzwort-raetsel.net/frage/ab-und-an/"] []
[2023-11-27T01:26:24.136157+00:00] logger.INFO: Page link ["https://www.kreuzwort-raetsel.net/frage/ab-und-an/"] []
[2023-11-27T01:26:24.342888+00:00] logger.INFO: Page link ["https://www.kreuzwort-raetsel.net/frage/ab-und-an/"] []
[2023-11-27T01:26:24.605078+00:00] logger.INFO: Page link ["https://www.kreuzwort-raetsel.net/frage/ab-und-an/"] []
[2023-11-27T01:26:24.806554+00:00] logger.INFO: Page link ["https://www.kreuzwort-raetsel.net/frage/ab-und-an-hin-und-wieder/"] []
[2023-11-27T01:26:25.152932+00:00] logger.INFO: Page link ["https://www.kreuzwort-raetsel.net/frage/ab-und-zu/"] []
[2023-11-27T01:26:25.385319+00:00] logger.INFO: Page link ["https://www.kreuzwort-raetsel.net/frage/ab-und-zu/"] []
[2023-11-27T01:26:25.630589+00:00] logger.INFO: Page link ["https://www.kreuzwort-raetsel.net/frage/ab-und-zu/"] []
[2023-11-27T01:26:25.916217+00:00] logger.INFO: Page link ["https://www.kreuzwort-raetsel.net/frage/ab-und-zu/"] []
[2023-11-27T01:26:26.226707+00:00] logger.INFO: Page link ["https://www.kreuzwort-raetsel.net/frage/ab-und-zu/"] []
[2023-11-27T01:26:26.454174+00:00] logger.INFO: Page link ["https://www.kreuzwort-raetsel.net/frage/ab-und-zu/"] []
[2023-11-27T01:26:26.658019+00:00] logger.INFO: Page link ["https://www.kreuzwort-raetsel.net/frage/ab-und-zu-dann-und-wann/"] []
[2023-11-27T01:26:26.883328+00:00] logger.INFO: Page link ["https://www.kreuzwort-raetsel.net/frage/ab-und-zu-manchmal/"] []
[2023-11-27T01:26:27.107393+00:00] logger.INFO: Page link ["https://www.kreuzwort-raetsel.net/frage/ab-und-zu-zuweilen/"] []
[2023-11-27T01:26:27.314966+00:00] logger.INFO: Page link ["https://www.kreuzwort-raetsel.net/frage/ab-oder-ausspuelung/"] []
[2023-11-27T01:26:27.519184+00:00] logger.INFO: Page link ["https://www.kreuzwort-raetsel.net/frage/ab-und-ausspuelung/"] []
[2023-11-27T01:26:27.707909+00:00] logger.INFO: Page link ["https://www.kreuzwort-raetsel.net/frage/ab-angedickt/"] []
[2023-11-27T01:26:27.892140+00:00] logger.INFO: Page link ["https://www.kreuzwort-raetsel.net/frage/ab-anliefern/"] []
[2023-11-27T01:26:28.099120+00:00] logger.INFO: Page link ["https://www.kreuzwort-raetsel.net/frage/ab-ausgemacht/"] []
[2023-11-27T01:26:28.279728+00:00] logger.INFO: Page link ["https://www.kreuzwort-raetsel.net/frage/ab-ausgewogenheit/"] []
[2023-11-27T01:26:28.473940+00:00] logger.INFO: Page link ["https://www.kreuzwort-raetsel.net/frage/ab-ausmachen/"] []
[2023-11-27T01:26:28.668580+00:00] logger.INFO: Page link ["https://www.kreuzwort-raetsel.net/frage/ab-einschaetzung/"] []
[2023-11-27T01:26:28.853457+00:00] logger.INFO: Page link ["https://www.kreuzwort-raetsel.net/frage/ab-entrahmen/"] []
[2023-11-27T01:26:29.529796+00:00] logger.INFO: Page link ["https://www.kreuzwort-raetsel.net/frage/ab-entstammen/"] []
[2023-11-27T01:26:29.723918+00:00] logger.INFO: Page link ["https://www.kreuzwort-raetsel.net/frage/ab-fortschicken/"] []
[2023-11-27T01:26:29.932952+00:00] logger.INFO: Page link ["https://www.kreuzwort-raetsel.net/frage/ab-geringschaetzig/"] []
[2023-11-27T01:26:30.143573+00:00] logger.INFO: Page link ["https://www.kreuzwort-raetsel.net/frage/ab-herkunft/"] []
[2023-11-27T01:26:30.513755+00:00] logger.INFO: Page link ["https://www.kreuzwort-raetsel.net/frage/ab-herleiten/"] []
[2023-11-27T01:26:30.721273+00:00] logger.INFO: Page link ["https://www.kreuzwort-raetsel.net/frage/ab-hinuntersinken/"] []
[2023-11-27T01:26:30.939074+00:00] logger.INFO: Page link ["https://www.kreuzwort-raetsel.net/frage/ab-oder-ausgeben/"] []
[2023-11-27T01:26:31.167855+00:00] logger.INFO: Page link ["https://www.kreuzwort-raetsel.net/frage/ab-umaendern/"] []
[2023-11-27T01:26:31.361149+00:00] logger.INFO: Page link ["https://www.kreuzwort-raetsel.net/frage/ab-umgrenzen-angrenzen/"] []
[2023-11-27T01:26:31.550472+00:00] logger.INFO: Page link ["https://www.kreuzwort-raetsel.net/frage/ab-voraussehbar/"] []
[2023-11-27T01:26:31.782417+00:00] logger.INFO: Page link ["https://www.kreuzwort-raetsel.net/frage/ab-wegtransportieren/"] []
[2023-11-27T01:26:32.002464+00:00] logger.INFO: Page link ["https://www.kreuzwort-raetsel.net/frage/ab-zumessen-arzneimenge/"] []
[2023-11-27T01:26:32.207484+00:00] logger.INFO: Page link ["https://www.kreuzwort-raetsel.net/frage/ab-zurueckschreibung/"] []
[2023-11-27T01:26:32.451047+00:00] logger.INFO: Page link ["https://www.kreuzwort-raetsel.net/frage/ab-zurueckweisung/"] []
[2023-11-27T01:26:32.796528+00:00] logger.INFO: Page link ["https://www.kreuzwort-raetsel.net/frage/abackern/"] []
[2023-11-27T01:26:33.168052+00:00] logger.INFO: Page link ["https://www.kreuzwort-raetsel.net/frage/abaenderbar/"] []
[2023-11-27T01:26:33.392354+00:00] logger.INFO: Page link ["https://www.kreuzwort-raetsel.net/frage/abaendern/"] []
[2023-11-27T01:26:33.643119+00:00] logger.INFO: Page link ["https://www.kreuzwort-raetsel.net/frage/abaendern/"] []
[2023-11-27T01:26:33.864576+00:00] logger.INFO: Page link ["https://www.kreuzwort-raetsel.net/frage/abaendern/"] []
[2023-11-27T01:26:34.099282+00:00] logger.INFO: Page link ["https://www.kreuzwort-raetsel.net/frage/abaendern/"] []
[2023-11-27T01:26:34.430037+00:00] logger.INFO: Page link ["https://www.kreuzwort-raetsel.net/frage/abaendern/"] []
[2023-11-27T01:26:34.682586+00:00] logger.INFO: Page link ["https://www.kreuzwort-raetsel.net/frage/abaendern/"] []
[2023-11-27T01:26:34.937646+00:00] logger.INFO: Page link ["https://www.kreuzwort-raetsel.net/frage/abaendern/"] []
[2023-11-27T01:26:35.528069+00:00] logger.INFO: Page link ["https://www.kreuzwort-raetsel.net/frage/abaendern-fremdwort/"] []
[2023-11-27T01:26:35.775753+00:00] logger.INFO: Page link ["https://www.kreuzwort-raetsel.net/frage/abaendern-fremdwort/"] []
[2023-11-27T01:26:36.090764+00:00] logger.INFO: Page link ["https://www.kreuzwort-raetsel.net/frage/abaendern-fremdwort/"] []
[2023-11-27T01:26:36.295199+00:00] logger.INFO: Page link ["https://www.kreuzwort-raetsel.net/frage/abaendern-fremdwort/"] []
[2023-11-27T01:26:36.533933+00:00] logger.INFO: Page link ["https://www.kreuzwort-raetsel.net/frage/abaendern-abwandeln/"] []
[2023-11-27T01:26:36.763167+00:00] logger.INFO: Page link ["https://www.kreuzwort-raetsel.net/frage/abaendern-abwandeln/"] []
[2023-11-27T01:26:36.976648+00:00] logger.INFO: Page link ["https://www.kreuzwort-raetsel.net/frage/abaendern-bereinigen/"] []
[2023-11-27T01:26:37.211244+00:00] logger.INFO: Page link ["https://www.kreuzwort-raetsel.net/frage/abaendern-bereinigen/"] []
[2023-11-27T01:26:37.414389+00:00] logger.INFO: Page link ["https://www.kreuzwort-raetsel.net/frage/abaendern-modifizieren/"] []
[2023-11-27T01:26:37.593875+00:00] logger.INFO: Page link ["https://www.kreuzwort-raetsel.net/frage/abaendern-verbessern/"] []
[2023-11-27T01:26:37.862473+00:00] logger.INFO: Page link ["https://www.kreuzwort-raetsel.net/frage/abaenderung/"] []
[2023-11-27T01:26:38.238532+00:00] logger.INFO: Page link ["https://www.kreuzwort-raetsel.net/frage/abaenderung/"] []
[2023-11-27T01:26:38.531749+00:00] logger.INFO: Page link ["https://www.kreuzwort-raetsel.net/frage/abaenderung/"] []
[2023-11-27T01:26:38.895384+00:00] logger.INFO: Page link ["https://www.kreuzwort-raetsel.net/frage/abaenderung/"] []
[2023-11-27T01:26:39.331083+00:00] logger.INFO: Page link ["https://www.kreuzwort-raetsel.net/frage/abaenderung/"] []
[2023-11-27T01:26:39.599703+00:00] logger.INFO: Page link ["https://www.kreuzwort-raetsel.net/frage/abaenderung/"] []
[2023-11-27T01:26:40.002907+00:00] logger.INFO: Page link ["https://www.kreuzwort-raetsel.net/frage/abaenderung/"] []
[2023-11-27T01:26:40.296435+00:00] logger.INFO: Page link ["https://www.kreuzwort-raetsel.net/frage/abaenderung/"] []
[2023-11-27T01:26:40.713754+00:00] logger.INFO: Page link ["https://www.kreuzwort-raetsel.net/frage/abaenderung/"] []
[2023-11-27T01:26:41.001914+00:00] logger.INFO: Page link ["https://www.kreuzwort-raetsel.net/frage/abaenderung/"] []
[2023-11-27T01:26:41.305416+00:00] logger.INFO: Page link ["https://www.kreuzwort-raetsel.net/frage/abaenderung/"] []
[2023-11-27T01:26:41.580928+00:00] logger.INFO: Page link ["https://www.kreuzwort-raetsel.net/frage/abaenderung/"] []
[2023-11-27T01:26:41.850955+00:00] logger.INFO: Page link ["https://www.kreuzwort-raetsel.net/frage/abaenderung/"] []
[2023-11-27T01:26:42.187209+00:00] logger.INFO: Page link ["https://www.kreuzwort-raetsel.net/frage/abaenderung-einer-schwingung/"] []
[2023-11-27T01:26:42.382847+00:00] logger.INFO: Page link ["https://www.kreuzwort-raetsel.net/frage/abaenderung-eines-gesetzes/"] []
[2023-11-27T01:26:42.617517+00:00] logger.INFO: Page link ["https://www.kreuzwort-raetsel.net/frage/abaenderung-von-vertraegen/"] []
[2023-11-27T01:26:42.823446+00:00] logger.INFO: Page link ["https://www.kreuzwort-raetsel.net/frage/abaenderung-abwechslung/"] []
[2023-11-27T01:26:43.024084+00:00] logger.INFO: Page link ["https://www.kreuzwort-raetsel.net/frage/abaenderungsantrag/"] []
[2023-11-27T01:26:43.222689+00:00] logger.INFO: Page link ["https://www.kreuzwort-raetsel.net/frage/abaenderungsantrag-fremdwort/"] []
[2023-11-27T01:26:43.505764+00:00] logger.INFO: Page link ["https://www.kreuzwort-raetsel.net/frage/abakus/"] []
[2023-11-27T01:26:43.700810+00:00] logger.INFO: Page link ["https://www.kreuzwort-raetsel.net/frage/abakus/"] []
[2023-11-27T01:26:43.904695+00:00] logger.INFO: Page link ["https://www.kreuzwort-raetsel.net/frage/abalienation/"] []
[2023-11-27T01:26:44.136241+00:00] logger.INFO: Page link ["https://www.kreuzwort-raetsel.net/frage/abalone/"] []
[2023-11-27T01:26:44.331448+00:00] logger.INFO: Page link ["https://www.kreuzwort-raetsel.net/frage/abandonnieren/"] []
[2023-11-27T01:26:44.596184+00:00] logger.INFO: Page link ["https://www.kreuzwort-raetsel.net/frage/abarbeiten/"] []
[2023-11-27T01:26:45.211936+00:00] logger.INFO: Page link ["https://www.kreuzwort-raetsel.net/frage/abarbeiten/"] []
[2023-11-27T01:26:45.768012+00:00] logger.INFO: Page link ["https://www.kreuzwort-raetsel.net/frage/abarbeiten/"] []
[2023-11-27T01:26:46.499653+00:00] logger.INFO: Page link ["https://www.kreuzwort-raetsel.net/frage/abarbeiten/"] []
[2023-11-27T01:26:47.048288+00:00] logger.INFO: Page link ["https://www.kreuzwort-raetsel.net/frage/abarbeiten/"] []
[2023-11-27T01:26:47.470400+00:00] logger.INFO: Page link ["https://www.kreuzwort-raetsel.net/frage/abarbeiten/"] []
[2023-11-27T01:26:48.131152+00:00] logger.INFO: Page link ["https://www.kreuzwort-raetsel.net/frage/abarbeiten/"] []
[2023-11-27T01:26:49.433777+00:00] logger.INFO: Page link ["https://www.kreuzwort-raetsel.net/frage/abarbeiten/"] []
[2023-11-27T01:26:49.946067+00:00] logger.INFO: Page link ["https://www.kreuzwort-raetsel.net/frage/abarbeiten/"] []
[2023-11-27T01:26:50.316320+00:00] logger.INFO: Page link ["https://www.kreuzwort-raetsel.net/frage/abarbeiten/"] []
[2023-11-27T01:26:51.173923+00:00] logger.INFO: Page link ["https://www.kreuzwort-raetsel.net/frage/abarbeiten/"] []
[2023-11-27T01:26:51.938259+00:00] logger.INFO: Page link ["https://www.kreuzwort-raetsel.net/frage/abarbeiten/"] []
[2023-11-27T01:26:52.461185+00:00] logger.INFO: Page link ["https://www.kreuzwort-raetsel.net/frage/abarbeiten/"] []
[2023-11-27T01:26:53.016605+00:00] logger.INFO: Page link ["https://www.kreuzwort-raetsel.net/frage/abarbeiten/"] []
[2023-11-27T01:26:53.493539+00:00] logger.INFO: Page link ["https://www.kreuzwort-raetsel.net/frage/abarbeiten/"] []
