[2023-11-18T02:29:22.440988+00:00] my_logger.INFO: Page analysis {"url":"https://www.kreuzwort-raetsel.net/c","data":{"headers":["Fragestellungen mit dem Anfangsbuchstaben: C"]}} []
[2023-11-18T02:29:22.529949+00:00] my_logger.INFO: Page analysis {"url":"https://www.kreuzwort-raetsel.net/j","data":{"headers":["Fragestellungen mit dem Anfangsbuchstaben: J"]}} []
[2023-11-18T02:29:22.531160+00:00] my_logger.INFO: Page analysis {"url":"https://www.kreuzwort-raetsel.net/l","data":{"headers":["Fragestellungen mit dem Anfangsbuchstaben: L"]}} []
[2023-11-18T02:29:22.553623+00:00] my_logger.INFO: Page analysis {"url":"https://www.kreuzwort-raetsel.net/h","data":{"headers":["Fragestellungen mit dem Anfangsbuchstaben: H"]}} []
[2023-11-18T02:29:22.568775+00:00] my_logger.INFO: Page analysis {"url":"https://www.kreuzwort-raetsel.net/e","data":{"headers":["Fragestellungen mit dem Anfangsbuchstaben: E"]}} []
[2023-11-18T02:29:22.570293+00:00] my_logger.INFO: Page analysis {"url":"https://www.kreuzwort-raetsel.net/n","data":{"headers":["Fragestellungen mit dem Anfangsbuchstaben: N"]}} []
[2023-11-18T02:29:22.546196+00:00] my_logger.INFO: Page analysis {"url":"https://www.kreuzwort-raetsel.net/m","data":{"headers":["Fragestellungen mit dem Anfangsbuchstaben: M"]}} []
[2023-11-18T02:29:22.587496+00:00] my_logger.INFO: Page analysis {"url":"https://www.kreuzwort-raetsel.net/k","data":{"headers":["Fragestellungen mit dem Anfangsbuchstaben: K"]}} []
[2023-11-18T02:29:22.598488+00:00] my_logger.INFO: Page analysis {"url":"https://www.kreuzwort-raetsel.net/g","data":{"headers":["Fragestellungen mit dem Anfangsbuchstaben: G"]}} []
[2023-11-18T02:29:22.559549+00:00] my_logger.INFO: Page analysis {"url":"https://www.kreuzwort-raetsel.net/o","data":{"headers":["Fragestellungen mit dem Anfangsbuchstaben: O"]}} []
[2023-11-18T02:29:22.583289+00:00] my_logger.INFO: Page analysis {"url":"https://www.kreuzwort-raetsel.net/p","data":{"headers":["Fragestellungen mit dem Anfangsbuchstaben: P"]}} []
[2023-11-18T02:29:22.579488+00:00] my_logger.INFO: Page analysis {"url":"https://www.kreuzwort-raetsel.net/a","data":{"headers":["Fragestellungen mit dem Anfangsbuchstaben: A"]}} []
[2023-11-18T02:29:22.563303+00:00] my_logger.INFO: Page analysis {"url":"https://www.kreuzwort-raetsel.net/d","data":{"headers":["Fragestellungen mit dem Anfangsbuchstaben: D"]}} []
[2023-11-18T02:29:22.629595+00:00] my_logger.INFO: Page analysis {"url":"https://www.kreuzwort-raetsel.net/i","data":{"headers":["Fragestellungen mit dem Anfangsbuchstaben: I"]}} []
[2023-11-18T02:29:22.641096+00:00] my_logger.INFO: Page analysis {"url":"https://www.kreuzwort-raetsel.net/f","data":{"headers":["Fragestellungen mit dem Anfangsbuchstaben: F"]}} []
[2023-11-18T02:29:22.646219+00:00] my_logger.INFO: Page analysis {"url":"https://www.kreuzwort-raetsel.net/q","data":{"headers":["Fragestellungen mit dem Anfangsbuchstaben: Q"]}} []
[2023-11-18T02:29:22.626612+00:00] my_logger.INFO: Page analysis {"url":"https://www.kreuzwort-raetsel.net/b","data":{"headers":["Fragestellungen mit dem Anfangsbuchstaben: B"]}} []
[2023-11-18T02:29:22.685030+00:00] my_logger.INFO: Page analysis {"url":"https://www.kreuzwort-raetsel.net/t","data":{"headers":["Fragestellungen mit dem Anfangsbuchstaben: T"]}} []
[2023-11-18T02:29:22.705558+00:00] my_logger.INFO: Page analysis {"url":"https://www.kreuzwort-raetsel.net/z","data":{"headers":["Fragestellungen mit dem Anfangsbuchstaben: Z"]}} []
[2023-11-18T02:29:22.708907+00:00] my_logger.INFO: Page analysis {"url":"https://www.kreuzwort-raetsel.net/y","data":{"headers":["Fragestellungen mit dem Anfangsbuchstaben: Y"]}} []
[2023-11-18T02:29:22.733876+00:00] my_logger.INFO: Page analysis {"url":"https://www.kreuzwort-raetsel.net/v","data":{"headers":["Fragestellungen mit dem Anfangsbuchstaben: V"]}} []
[2023-11-18T02:29:22.740925+00:00] my_logger.INFO: Page analysis {"url":"https://www.kreuzwort-raetsel.net/w","data":{"headers":["Fragestellungen mit dem Anfangsbuchstaben: W"]}} []
[2023-11-18T02:29:22.744851+00:00] my_logger.INFO: Page analysis {"url":"https://www.kreuzwort-raetsel.net/u","data":{"headers":["Fragestellungen mit dem Anfangsbuchstaben: U"]}} []
[2023-11-18T02:29:22.753472+00:00] my_logger.INFO: Page analysis {"url":"https://www.kreuzwort-raetsel.net/sonstige","data":{"headers":["Fragestellungen mit dem Anfangsbuchstaben: SONSTIGE"]}} []
[2023-11-18T02:29:22.764878+00:00] my_logger.INFO: Page analysis {"url":"https://www.kreuzwort-raetsel.net/s","data":{"headers":["Fragestellungen mit dem Anfangsbuchstaben: S"]}} []
[2023-11-18T02:29:22.768624+00:00] my_logger.INFO: Page analysis {"url":"https://www.kreuzwort-raetsel.net/x","data":{"headers":["Fragestellungen mit dem Anfangsbuchstaben: X"]}} []
[2023-11-18T02:29:22.751435+00:00] my_logger.INFO: Page analysis {"url":"https://www.kreuzwort-raetsel.net/r","data":{"headers":["Fragestellungen mit dem Anfangsbuchstaben: R"]}} []
[2023-11-21T00:23:28.105037+00:00] my_logger.INFO: Printing logger data: [] []
[2023-11-21T00:24:46.971703+00:00] my_logger.INFO: Printing logger data: [] []
[2023-11-21T00:24:52.024292+00:00] my_logger.INFO: Printing logger data: [] []
[2023-11-21T00:25:39.054195+00:00] my_logger.INFO: Printing logger data: [] []
[2023-11-21T00:27:02.344601+00:00] my_logger.INFO: Printing logger data: [] []
[2023-11-21T00:31:26.356364+00:00] my_logger.INFO: Printing logger data: [] []
[2023-11-21T00:31:39.244645+00:00] my_logger.INFO: Printing logger data: [] []
[2023-11-21T00:32:15.239318+00:00] my_logger.INFO: Printing logger data: [] []
[2023-11-21T00:34:16.134884+00:00] my_logger.INFO: Printing logger data: [] []
[2023-11-21T00:35:58.295968+00:00] my_logger.INFO: Printing logger data: [] []
[2023-11-21T00:36:11.035669+00:00] my_logger.INFO: Printing logger data: [] []
[2023-11-21T00:36:27.076249+00:00] my_logger.INFO: Printing logger data: [] []
[2023-11-21T00:37:29.805009+00:00] my_logger.INFO: Printing logger data: [] []
[2023-11-21T00:37:48.700404+00:00] my_logger.INFO: Printing logger data: [] []
[2023-11-21T00:38:23.676633+00:00] my_logger.INFO: Printing logger data: [] []
[2023-11-21T00:38:43.608694+00:00] my_logger.INFO: Printing logger data: [] []
[2023-11-21T00:39:57.534236+00:00] my_logger.INFO: Printing logger data: [] []
[2023-11-21T00:40:55.642296+00:00] my_logger.INFO: Printing logger data: [] []
[2023-11-21T00:41:37.710871+00:00] my_logger.INFO: Printing logger data: [] []
[2023-11-21T00:42:28.505416+00:00] my_logger.INFO: Printing logger data: [] []
[2023-11-21T00:43:39.849696+00:00] my_logger.INFO: Printing logger data: [] []
[2023-11-21T00:44:47.390972+00:00] my_logger.INFO: Printing logger data: [] []
[2023-11-21T00:45:14.945239+00:00] my_logger.INFO: Printing logger data: [] []
[2023-11-21T00:45:22.871426+00:00] my_logger.INFO: Printing logger data: [] []
[2023-11-21T00:45:31.910376+00:00] my_logger.INFO: Printing logger data: [] []
[2023-11-21T00:45:36.409569+00:00] my_logger.INFO: Printing logger data: [] []
[2023-11-21T00:45:39.720631+00:00] my_logger.INFO: Printing logger data: [] []
[2023-11-21T00:45:44.461525+00:00] my_logger.INFO: Printing logger data: [] []
[2023-11-21T00:45:58.147158+00:00] my_logger.INFO: Printing logger data: [] []
[2023-11-21T00:47:21.966426+00:00] my_logger.INFO: Printing logger data: [] []
[2023-11-21T00:47:33.004317+00:00] my_logger.INFO: Printing logger data: [] []
[2023-11-21T00:47:38.533845+00:00] my_logger.INFO: Printing logger data: [] []
[2023-11-21T00:48:01.188951+00:00] my_logger.INFO: Printing logger data: [] []
[2023-11-21T00:48:46.358567+00:00] my_logger.INFO: Printing logger data: [] []
[2023-11-21T00:50:04.960456+00:00] my_logger.INFO: Printing logger data: [] []
[2023-11-21T00:50:23.551304+00:00] my_logger.INFO: Printing logger data: [] []
[2023-11-21T00:51:29.151447+00:00] my_logger.INFO: Printing logger data: [] []
[2023-11-21T00:51:49.850539+00:00] my_logger.INFO: Printing logger data: [] []
[2023-11-21T00:54:47.660300+00:00] my_logger.INFO: Printing logger data: [] []
[2023-11-21T00:56:07.220131+00:00] my_logger.INFO: Printing logger data: [] []
[2023-11-21T00:58:17.392639+00:00] my_logger.INFO: Printing logger data: [] []
[2023-11-21T00:58:47.134446+00:00] my_logger.INFO: Printing logger data: [] []
[2023-11-21T01:01:17.023898+00:00] my_logger.INFO: Printing logger data: [] []
[2023-11-21T01:02:26.663632+00:00] my_logger.INFO: Printing logger data: [] []
[2023-11-21T01:03:39.488187+00:00] my_logger.INFO: Printing logger data: [] []
[2023-11-21T01:03:46.088521+00:00] my_logger.INFO: Printing logger data: [] []
[2023-11-21T01:03:50.707489+00:00] my_logger.INFO: Printing logger data: [] []
[2023-11-21T01:04:11.043933+00:00] my_logger.INFO: Printing logger data: [] []
[2023-11-21T01:04:59.704631+00:00] my_logger.INFO: Printing logger data: [] []
[2023-11-21T01:05:11.242990+00:00] my_logger.INFO: Printing logger data: [] []
[2023-11-21T01:05:28.794642+00:00] my_logger.INFO: Printing logger data: [] []
[2023-11-21T01:06:07.443396+00:00] my_logger.INFO: Printing logger data: [] []
[2023-11-21T01:06:59.886019+00:00] my_logger.INFO: Printing logger data: [] []
[2023-11-21T01:07:16.990806+00:00] my_logger.INFO: Printing logger data: [] []
[2023-11-21T01:07:48.547055+00:00] my_logger.INFO: Printing logger data: [] []
[2023-11-21T01:08:05.575989+00:00] my_logger.INFO: Printing logger data: [] []
[2023-11-21T01:08:22.894093+00:00] my_logger.INFO: Printing logger data: [] []
[2023-11-21T01:08:40.230858+00:00] my_logger.INFO: Printing logger data: [] []
[2023-11-21T01:08:46.652815+00:00] my_logger.INFO: Printing logger data: [] []
[2023-11-21T01:08:59.451005+00:00] my_logger.INFO: Printing logger data: [] []
[2023-11-21T01:09:16.439134+00:00] my_logger.INFO: Printing logger data: [] []
[2023-11-21T01:09:32.595775+00:00] my_logger.INFO: Printing logger data: [] []
[2023-11-21T01:09:56.594460+00:00] my_logger.INFO: Printing logger data: [] []
[2023-11-21T01:10:04.320544+00:00] my_logger.INFO: Printing logger data: [] []
[2023-11-21T01:10:15.923309+00:00] my_logger.INFO: Printing logger data: [] []
[2023-11-21T01:10:33.420059+00:00] my_logger.INFO: Printing logger data: [] []
[2023-11-21T01:13:44.690717+00:00] my_logger.INFO: Printing logger data: [] []
[2023-11-21T01:14:07.070179+00:00] my_logger.INFO: Printing logger data: [] []
[2023-11-21T01:14:19.255251+00:00] my_logger.INFO: Printing logger data: [] []
[2023-11-21T01:14:45.411936+00:00] my_logger.INFO: Printing logger data: [] []
[2023-11-21T01:15:19.367684+00:00] my_logger.INFO: Printing logger data: [] []
[2023-11-21T01:15:30.332006+00:00] my_logger.INFO: Printing logger data: [] []
[2023-11-21T01:15:37.240500+00:00] my_logger.INFO: Printing logger data: [] []
[2023-11-21T01:15:44.900024+00:00] my_logger.INFO: Printing logger data: [] []
[2023-11-21T01:16:02.735707+00:00] my_logger.INFO: Printing logger data: [] []
[2023-11-21T01:16:22.587134+00:00] my_logger.INFO: Printing logger data: [] []
[2023-11-21T01:16:37.467326+00:00] my_logger.INFO: Printing logger data: [] []
[2023-11-21T01:16:50.593933+00:00] my_logger.INFO: Printing logger data: [] []
[2023-11-21T01:17:07.939602+00:00] my_logger.INFO: Printing logger data: [] []
[2023-11-21T01:17:44.693591+00:00] my_logger.INFO: Printing logger data: [] []
[2023-11-21T01:17:56.848076+00:00] my_logger.INFO: Printing logger data: [] []
[2023-11-21T01:18:02.219233+00:00] my_logger.INFO: Printing logger data: [] []
[2023-11-21T01:18:15.816640+00:00] my_logger.INFO: Printing logger data: [] []
[2023-11-21T01:18:34.986034+00:00] my_logger.INFO: Printing logger data: [] []
[2023-11-21T01:18:42.606709+00:00] my_logger.INFO: Printing logger data: [] []
[2023-11-21T01:19:06.029929+00:00] my_logger.INFO: Printing logger data: [] []
[2023-11-21T01:19:21.646265+00:00] my_logger.INFO: Printing logger data: [] []
[2023-11-21T01:19:35.758229+00:00] my_logger.INFO: Printing logger data: [] []
[2023-11-21T01:19:45.727460+00:00] my_logger.INFO: Printing logger data: [] []
[2023-11-21T01:19:51.403396+00:00] my_logger.INFO: Printing logger data: [] []
[2023-11-21T01:20:05.546001+00:00] my_logger.INFO: Printing logger data: [] []
[2023-11-21T01:20:13.537795+00:00] my_logger.INFO: Printing logger data: [] []
[2023-11-21T01:20:32.247708+00:00] my_logger.INFO: Printing logger data: [] []
[2023-11-21T01:20:44.658228+00:00] my_logger.INFO: Printing logger data: [] []
[2023-11-21T01:20:58.089186+00:00] my_logger.INFO: Printing logger data: [] []
[2023-11-21T01:21:02.936100+00:00] my_logger.INFO: Printing logger data: [] []
[2023-11-21T01:21:11.555788+00:00] my_logger.INFO: Printing logger data: [] []
[2023-11-21T01:21:17.377455+00:00] my_logger.INFO: Printing logger data: [] []
[2023-11-21T01:21:32.732546+00:00] my_logger.INFO: Printing logger data: [] []
[2023-11-21T01:21:42.045963+00:00] my_logger.INFO: Printing logger data: [] []
[2023-11-21T01:22:14.060831+00:00] my_logger.INFO: Printing logger data: [] []
