[2023-11-24T20:47:07.333400+00:00] logger.INFO: Questions-Answers-Length {"url":"https://www.kreuzwort-raetsel.net/frage/a-im-internationalen-alphabet/","data":{"answers":["ALPHA"],"length":["5"]}} []
[2023-11-24T20:47:07.908856+00:00] logger.INFO: Questions-Answers-Length {"url":"https://www.kreuzwort-raetsel.net/frage/a-meta/","data":{"answers":["HALBEHALBE"],"length":["10"]}} []
[2023-11-24T20:47:08.144904+00:00] logger.INFO: Questions-Answers-Length {"url":"https://www.kreuzwort-raetsel.net/frage/a-propos/","data":{"answers":["UEBRIGENS","NEBENBEIBEMERKT"],"length":["9","15"]}} []
[2023-11-24T20:47:08.338153+00:00] logger.INFO: Questions-Answers-Length {"url":"https://www.kreuzwort-raetsel.net/frage/a-propos/","data":{"answers":["UEBRIGENS","NEBENBEIBEMERKT"],"length":["9","15"]}} []
[2023-11-24T20:47:08.533845+00:00] logger.INFO: Questions-Answers-Length {"url":"https://www.kreuzwort-raetsel.net/frage/a-part-sprechen-theater/","data":{"answers":["BEISEITESPRECHEN"],"length":["16"]}} []
[2023-11-24T20:47:08.732630+00:00] logger.INFO: Questions-Answers-Length {"url":"https://www.kreuzwort-raetsel.net/frage/aa/","data":{"answers":["BERGBACH"],"length":["8"]}} []
[2023-11-24T20:47:08.904183+00:00] logger.INFO: Questions-Answers-Length {"url":"https://www.kreuzwort-raetsel.net/frage/aach/","data":{"answers":["DONAUABFLUSS"],"length":["12"]}} []
[2023-11-24T20:47:09.076492+00:00] logger.INFO: Questions-Answers-Length {"url":"https://www.kreuzwort-raetsel.net/frage/aachener-auszeichnung-fuer-verdienste-um-europa/","data":{"answers":["KARLSPREIS"],"length":["10"]}} []
[2023-11-24T20:47:09.319996+00:00] logger.INFO: Questions-Answers-Length {"url":"https://www.kreuzwort-raetsel.net/frage/aachener-backspezialitaet/","data":{"answers":["PRINTE"],"length":["6"]}} []
[2023-11-24T20:47:09.552917+00:00] logger.INFO: Questions-Answers-Length {"url":"https://www.kreuzwort-raetsel.net/frage/aachener-backwerk/","data":{"answers":["PRINTE"],"length":["6"]}} []
[2023-11-24T20:47:09.768411+00:00] logger.INFO: Questions-Answers-Length {"url":"https://www.kreuzwort-raetsel.net/frage/aachener-baumeister-des-barocks-jakob-1735-1812/","data":{"answers":["COUVEN"],"length":["6"]}} []
[2023-11-24T20:47:09.966136+00:00] logger.INFO: Questions-Answers-Length {"url":"https://www.kreuzwort-raetsel.net/frage/aachener-bauwerk/","data":{"answers":["PONTTOR","KAISERDOM","CAROLUSTHERME","ELISENBRUNNEN"],"length":["7","9","13","13"]}} []
[2023-11-24T20:47:10.193149+00:00] logger.INFO: Questions-Answers-Length {"url":"https://www.kreuzwort-raetsel.net/frage/aachener-bauwerk/","data":{"answers":["PONTTOR","KAISERDOM","CAROLUSTHERME","ELISENBRUNNEN"],"length":["7","9","13","13"]}} []
[2023-11-24T20:47:10.396519+00:00] logger.INFO: Questions-Answers-Length {"url":"https://www.kreuzwort-raetsel.net/frage/aachener-bauwerk/","data":{"answers":["PONTTOR","KAISERDOM","CAROLUSTHERME","ELISENBRUNNEN"],"length":["7","9","13","13"]}} []
[2023-11-24T20:47:10.581039+00:00] logger.INFO: Questions-Answers-Length {"url":"https://www.kreuzwort-raetsel.net/frage/aachener-bauwerk/","data":{"answers":["PONTTOR","KAISERDOM","CAROLUSTHERME","ELISENBRUNNEN"],"length":["7","9","13","13"]}} []
[2023-11-24T20:47:10.751925+00:00] logger.INFO: Questions-Answers-Length {"url":"https://www.kreuzwort-raetsel.net/frage/aachener-europapreis/","data":{"answers":["KARLSPREIS"],"length":["10"]}} []
[2023-11-24T20:47:10.943715+00:00] logger.INFO: Questions-Answers-Length {"url":"https://www.kreuzwort-raetsel.net/frage/aachener-europapreis-preis/","data":{"answers":["KARLS"],"length":["5"]}} []
[2023-11-24T20:47:11.112900+00:00] logger.INFO: Questions-Answers-Length {"url":"https://www.kreuzwort-raetsel.net/frage/aachener-fussballstadion/","data":{"answers":["TIVOLI"],"length":["6"]}} []
[2023-11-24T20:47:11.326235+00:00] logger.INFO: Questions-Answers-Length {"url":"https://www.kreuzwort-raetsel.net/frage/aachener-gebaeck/","data":{"answers":["PRINTE","PRINTEN"],"length":["6","7"]}} []
[2023-11-24T20:47:11.513527+00:00] logger.INFO: Questions-Answers-Length {"url":"https://www.kreuzwort-raetsel.net/frage/aachener-gebaeck/","data":{"answers":["PRINTE","PRINTEN"],"length":["6","7"]}} []
[2023-11-24T20:47:11.684085+00:00] logger.INFO: Questions-Answers-Length {"url":"https://www.kreuzwort-raetsel.net/frage/aachener-gebaeck-mehrzahl/","data":{"answers":["PRINTEN"],"length":["7"]}} []
[2023-11-24T20:47:11.868558+00:00] logger.INFO: Questions-Answers-Length {"url":"https://www.kreuzwort-raetsel.net/frage/aachener-gebaeckspezialitaet/","data":{"answers":["PRINTE"],"length":["6"]}} []
[2023-11-24T20:47:12.052383+00:00] logger.INFO: Questions-Answers-Length {"url":"https://www.kreuzwort-raetsel.net/frage/aachener-gebaeckspezialitaeten/","data":{"answers":["PRINTEN"],"length":["7"]}} []
[2023-11-24T20:47:12.240554+00:00] logger.INFO: Questions-Answers-Length {"url":"https://www.kreuzwort-raetsel.net/frage/aachener-gruss/","data":{"answers":["KLENKES"],"length":["7"]}} []
[2023-11-24T20:47:12.435508+00:00] logger.INFO: Questions-Answers-Length {"url":"https://www.kreuzwort-raetsel.net/frage/aachener-lebkuchen/","data":{"answers":["PRINTEN"],"length":["7"]}} []
[2023-11-24T20:47:12.611895+00:00] logger.INFO: Questions-Answers-Length {"url":"https://www.kreuzwort-raetsel.net/frage/aachener-lebkuchenspezialitaet/","data":{"answers":["PRINTE"],"length":["6"]}} []
[2023-11-24T20:47:12.815720+00:00] logger.INFO: Questions-Answers-Length {"url":"https://www.kreuzwort-raetsel.net/frage/aachener-osterbrot/","data":{"answers":["POSCHWECK"],"length":["9"]}} []
[2023-11-24T20:47:13.005855+00:00] logger.INFO: Questions-Answers-Length {"url":"https://www.kreuzwort-raetsel.net/frage/aachener-pfefferkuchen/","data":{"answers":["PRINTE"],"length":["6"]}} []
[2023-11-24T20:47:13.183801+00:00] logger.INFO: Questions-Answers-Length {"url":"https://www.kreuzwort-raetsel.net/frage/aachener-reitsportturnier-kurz/","data":{"answers":["CHIO"],"length":["4"]}} []
[2023-11-24T20:47:13.385214+00:00] logger.INFO: Questions-Answers-Length {"url":"https://www.kreuzwort-raetsel.net/frage/aachener-reitsportturnier-kurzwort/","data":{"answers":["CHIO"],"length":["4"]}} []
[2023-11-24T20:47:13.572800+00:00] logger.INFO: Questions-Answers-Length {"url":"https://www.kreuzwort-raetsel.net/frage/aachener-reitturnier/","data":{"answers":["CHIO"],"length":["4"]}} []
[2023-11-24T20:47:13.763366+00:00] logger.INFO: Questions-Answers-Length {"url":"https://www.kreuzwort-raetsel.net/frage/aachener-reitturnier-abkuerzung/","data":{"answers":["CHIO"],"length":["4"]}} []
[2023-11-24T20:47:14.020720+00:00] logger.INFO: Questions-Answers-Length {"url":"https://www.kreuzwort-raetsel.net/frage/aachener-sehenswuerdigkeit/","data":{"answers":["DOM","SFHGWZALE","KAISERDOM","KARLSSCHREIN","ELISENBRUNNEN"],"length":["3","7","9","12","13"]}} []
[2023-11-24T20:47:14.220146+00:00] logger.INFO: Questions-Answers-Length {"url":"https://www.kreuzwort-raetsel.net/frage/aachener-sehenswuerdigkeit/","data":{"answers":["DOM","SFHGWZALE","KAISERDOM","KARLSSCHREIN","ELISENBRUNNEN"],"length":["3","7","9","12","13"]}} []
[2023-11-24T20:47:14.434973+00:00] logger.INFO: Questions-Answers-Length {"url":"https://www.kreuzwort-raetsel.net/frage/aachener-sehenswuerdigkeit/","data":{"answers":["DOM","SFHGWZALE","KAISERDOM","KARLSSCHREIN","ELISENBRUNNEN"],"length":["3","7","9","12","13"]}} []
[2023-11-24T20:47:14.635925+00:00] logger.INFO: Questions-Answers-Length {"url":"https://www.kreuzwort-raetsel.net/frage/aachener-sehenswuerdigkeit/","data":{"answers":["DOM","SFHGWZALE","KAISERDOM","KARLSSCHREIN","ELISENBRUNNEN"],"length":["3","7","9","12","13"]}} []
[2023-11-24T20:47:14.845353+00:00] logger.INFO: Questions-Answers-Length {"url":"https://www.kreuzwort-raetsel.net/frage/aachener-sehenswuerdigkeit/","data":{"answers":["DOM","SFHGWZALE","KAISERDOM","KARLSSCHREIN","ELISENBRUNNEN"],"length":["3","7","9","12","13"]}} []
[2023-11-24T20:47:15.044802+00:00] logger.INFO: Questions-Answers-Length {"url":"https://www.kreuzwort-raetsel.net/frage/aachener-spezialitaet/","data":{"answers":["PRINTE","PRINTEN","KARLSWURST"],"length":["6","7","10"]}} []
[2023-11-24T20:47:15.288002+00:00] logger.INFO: Questions-Answers-Length {"url":"https://www.kreuzwort-raetsel.net/frage/aachener-spezialitaet/","data":{"answers":["PRINTE","PRINTEN","KARLSWURST"],"length":["6","7","10"]}} []
[2023-11-24T20:47:15.463351+00:00] logger.INFO: Questions-Answers-Length {"url":"https://www.kreuzwort-raetsel.net/frage/aachener-spezialitaet/","data":{"answers":["PRINTE","PRINTEN","KARLSWURST"],"length":["6","7","10"]}} []
[2023-11-24T20:47:15.638951+00:00] logger.INFO: Questions-Answers-Length {"url":"https://www.kreuzwort-raetsel.net/frage/aachener-spezialitaeten/","data":{"answers":["PRINTEN"],"length":["7"]}} []
[2023-11-24T20:47:15.859239+00:00] logger.INFO: Questions-Answers-Length {"url":"https://www.kreuzwort-raetsel.net/frage/aachener-sportstaette/","data":{"answers":["TIVOLI"],"length":["6"]}} []
[2023-11-24T20:47:16.097251+00:00] logger.INFO: Questions-Answers-Length {"url":"https://www.kreuzwort-raetsel.net/frage/aachener-stadion/","data":{"answers":["TIVOLI"],"length":["6"]}} []
[2023-11-24T20:47:16.308410+00:00] logger.INFO: Questions-Answers-Length {"url":"https://www.kreuzwort-raetsel.net/frage/aachener-stadtmauer/","data":{"answers":["PONTTOR"],"length":["7"]}} []
[2023-11-24T20:47:16.504895+00:00] logger.INFO: Questions-Answers-Length {"url":"https://www.kreuzwort-raetsel.net/frage/aachener-universitaet-abkuerzung/","data":{"answers":["RWTH"],"length":["4"]}} []
[2023-11-24T20:47:16.678825+00:00] logger.INFO: Questions-Answers-Length {"url":"https://www.kreuzwort-raetsel.net/frage/aachener-wahrzeichen/","data":{"answers":["ELISENBRUNNEN"],"length":["13"]}} []
[2023-11-24T20:47:16.881552+00:00] logger.INFO: Questions-Answers-Length {"url":"https://www.kreuzwort-raetsel.net/frage/aachener-wappentier/","data":{"answers":["ADLER"],"length":["5"]}} []
[2023-11-24T20:47:17.066067+00:00] logger.INFO: Questions-Answers-Length {"url":"https://www.kreuzwort-raetsel.net/frage/aachens-grosse-saunalandschaft/","data":{"answers":["CAROLUSTHERMEN"],"length":["14"]}} []
[2023-11-24T20:47:17.256933+00:00] logger.INFO: Questions-Answers-Length {"url":"https://www.kreuzwort-raetsel.net/frage/aal/","data":{"answers":["SPEISEFISCH"],"length":["11"]}} []
[2023-11-24T20:47:17.447410+00:00] logger.INFO: Questions-Answers-Length {"url":"https://www.kreuzwort-raetsel.net/frage/aal-englisch/","data":{"answers":["EEL"],"length":["3"]}} []
[2023-11-24T20:47:17.622457+00:00] logger.INFO: Questions-Answers-Length {"url":"https://www.kreuzwort-raetsel.net/frage/aal-des-mittelmeeres/","data":{"answers":["MURAENE"],"length":["7"]}} []
[2023-11-24T20:47:17.818101+00:00] logger.INFO: Questions-Answers-Length {"url":"https://www.kreuzwort-raetsel.net/frage/aal-vor-dem-laichen/","data":{"answers":["BLANKAAL"],"length":["8"]}} []
[2023-11-24T20:47:18.013383+00:00] logger.INFO: Questions-Answers-Length {"url":"https://www.kreuzwort-raetsel.net/frage/aalaehnliche-fische/","data":{"answers":["NEUNAUGEN"],"length":["9"]}} []
[2023-11-24T20:47:18.219977+00:00] logger.INFO: Questions-Answers-Length {"url":"https://www.kreuzwort-raetsel.net/frage/aalaehnlicher-blindfisch/","data":{"answers":["INGER"],"length":["5"]}} []
[2023-11-24T20:47:18.420643+00:00] logger.INFO: Questions-Answers-Length {"url":"https://www.kreuzwort-raetsel.net/frage/aalaehnlicher-fisch/","data":{"answers":["ILGER","INGER","LAMPRETE","NEUNAUGE","BUTTERFISCH","OUPXLJFKVIWQSZ","STEINBEISSER","JGXEQHOBWD"],"length":["5","5","8","8","11","12","12","15"]}} []
[2023-11-24T20:47:18.693317+00:00] logger.INFO: Questions-Answers-Length {"url":"https://www.kreuzwort-raetsel.net/frage/aalaehnlicher-fisch/","data":{"answers":["ILGER","INGER","LAMPRETE","NEUNAUGE","BUTTERFISCH","OUPXLJFKVIWQSZ","STEINBEISSER","JGXEQHOBWD"],"length":["5","5","8","8","11","12","12","15"]}} []
[2023-11-24T20:47:18.930762+00:00] logger.INFO: Questions-Answers-Length {"url":"https://www.kreuzwort-raetsel.net/frage/aalaehnlicher-fisch/","data":{"answers":["ILGER","INGER","LAMPRETE","NEUNAUGE","BUTTERFISCH","OUPXLJFKVIWQSZ","STEINBEISSER","JGXEQHOBWD"],"length":["5","5","8","8","11","12","12","15"]}} []
